#
# A fatal error has been detected by the Java Runtime Environment:
#
#  SIGSEGV (0xb) at pc=0x00007ff635186130, pid=29972, tid=92057
#
# JRE version: Java(TM) SE Runtime Environment (17.0.11+7) (build 17.0.11+7-LTS-207)
# Java VM: Java HotSpot(TM) 64-Bit Server VM (17.0.11+7-LTS-207, mixed mode, sharing, tiered, compressed oops, compressed class ptrs, g1 gc, linux-amd64)
# Problematic frame:
# J 53  java.lang.Class.isPrimitive()Z java.base@17.0.11 (0 bytes) @ 0x00007ff635186130 [0x00007ff635186020+0x0000000000000110]
#
# Core dump will be written. Default location: Core dumps may be processed with "/wsl-capture-crash %t %E %p %s" (or dumping to /home/trymad/coding/pet/lootmarket/backend/core.29972)
#
# If you would like to submit a bug report, please visit:
#   https://bugreport.java.com/bugreport/crash.jsp
#

---------------  S U M M A R Y ------------

Command Line: -XX:+ExitOnOutOfMemoryError -XX:+HeapDumpOnOutOfMemoryError -XX:HeapDumpPath=/home/trymad/.vscode-server/data/User/globalStorage/redhat.vscode-xml -Xmx64M org.eclipse.lemminx.XMLServerLauncher

Host: Intel(R) Core(TM) i5-9300H CPU @ 2.40GHz, 4 cores, 7G, Ubuntu 22.04.4 LTS
Time: Sat Dec  7 05:12:53 2024 MSK elapsed time: 23516.513408 seconds (0d 6h 31m 56s)

---------------  T H R E A D  ---------------

Current thread (0x00007ff5940d9100):  JavaThread "ForkJoinPool.commonPool-worker-11" daemon [_thread_in_native_trans, id=92057, stack(0x00007ff5d2f00000,0x00007ff5d3000000)]

Stack: [0x00007ff5d2f00000,0x00007ff5d3000000],  sp=0x00007ff5d2ffd9e0,  free space=1014k
Native frames: (J=compiled Java code, j=interpreted, Vv=VM code, C=native code)
J 53  java.lang.Class.isPrimitive()Z java.base@17.0.11 (0 bytes) @ 0x00007ff635186130 [0x00007ff635186020+0x0000000000000110]
j  jdk.internal.misc.Unsafe.checkPrimitiveArray(Ljava/lang/Class;)V+10 java.base@17.0.11
j  jdk.internal.misc.Unsafe.checkPrimitivePointer(Ljava/lang/Object;J)V+15 java.base@17.0.11
j  jdk.internal.misc.Unsafe.copyMemoryChecks(Ljava/lang/Object;JLjava/lang/Object;JJ)V+9 java.base@17.0.11
j  jdk.internal.misc.Unsafe.copyMemory(Ljava/lang/Object;JLjava/lang/Object;JJ)V+9 java.base@17.0.11
j  sun.nio.fs.NativeBuffers.copyCStringToNativeBuffer([BLsun/nio/fs/NativeBuffer;)V+49 java.base@17.0.11
j  sun.nio.fs.UnixNativeDispatcher.copyToNativeBuffer(Lsun/nio/fs/UnixPath;)Lsun/nio/fs/NativeBuffer;+39 java.base@17.0.11
j  sun.nio.fs.UnixNativeDispatcher.exists(Lsun/nio/fs/UnixPath;)Z+1 java.base@17.0.11
j  sun.nio.fs.UnixFileSystemProvider.exists(Ljava/nio/file/Path;)Z+10 java.base@17.0.11
j  java.nio.file.Files.exists(Ljava/nio/file/Path;[Ljava/nio/file/LinkOption;)Z+22 java.base@17.0.11
j  org.eclipse.lemminx.uriresolver.CacheResourcesManager.getResource(Ljava/lang/String;)Ljava/nio/file/Path;+10
j  org.eclipse.lemminx.extensions.contentmodel.uriresolver.XMLCacheResolverExtension.getCachedResource(Ljava/lang/String;)Ljava/nio/file/Path;+13
j  org.eclipse.lemminx.extensions.contentmodel.model.ContentModelManager.fillReferencedGrammarInfo(Lorg/eclipse/lemminx/dom/DOMDocument;Ljava/lang/String;Ljava/lang/String;Lorg/eclipse/lemminx/extensions/contentmodel/model/ContentModelProvider$Identifier;Ljava/util/Set;)V+57
j  org.eclipse.lemminx.extensions.contentmodel.model.ContentModelManager.getReferencedGrammarInfos(Lorg/eclipse/lemminx/dom/DOMDocument;)Ljava/util/Set;+115
j  org.eclipse.lemminx.extensions.contentmodel.participants.ContentModelSymbolsProviderParticipant.findDocumentSymbols(Lorg/eclipse/lemminx/dom/DOMDocument;Lorg/eclipse/lemminx/services/DocumentSymbolsResult;Lorg/eclipse/lemminx/settings/XMLSymbolFilter;Lorg/eclipse/lsp4j/jsonrpc/CancelChecker;)V+13
j  org.eclipse.lemminx.services.XMLSymbolsProvider.processSymbolsParticipants(Lorg/eclipse/lemminx/dom/DOMDocument;Lorg/eclipse/lemminx/services/SymbolInformationResult;Lorg/eclipse/lemminx/services/DocumentSymbolsResult;Lorg/eclipse/lemminx/settings/XMLSymbolFilter;Lorg/eclipse/lsp4j/jsonrpc/CancelChecker;)Z+284
j  org.eclipse.lemminx.services.XMLSymbolsProvider.findDocumentSymbols(Lorg/eclipse/lemminx/dom/DOMDocument;Lorg/eclipse/lemminx/settings/XMLSymbolSettings;Lorg/eclipse/lsp4j/jsonrpc/CancelChecker;)Lorg/eclipse/lemminx/services/DocumentSymbolsResult;+54
j  org.eclipse.lemminx.services.XMLLanguageService.findDocumentSymbols(Lorg/eclipse/lemminx/dom/DOMDocument;Lorg/eclipse/lemminx/settings/XMLSymbolSettings;Lorg/eclipse/lsp4j/jsonrpc/CancelChecker;)Lorg/eclipse/lemminx/services/DocumentSymbolsResult;+7
j  org.eclipse.lemminx.XMLTextDocumentService.lambda$documentSymbol$9(Lorg/eclipse/lemminx/settings/XMLSymbolSettings;Lorg/eclipse/lemminx/dom/DOMDocument;Lorg/eclipse/lsp4j/jsonrpc/CancelChecker;)Ljava/util/List;+20
j  org.eclipse.lemminx.XMLTextDocumentService$$Lambda$89+0x00007ff5d8100238.apply(Ljava/lang/Object;Ljava/lang/Object;)Ljava/lang/Object;+16
j  org.eclipse.lemminx.commons.ModelTextDocuments.lambda$computeModelAsync$0(Lorg/eclipse/lsp4j/TextDocumentIdentifier;Ljava/util/function/BiFunction;Lorg/eclipse/lsp4j/jsonrpc/CancelChecker;)Ljava/lang/Object;+18
j  org.eclipse.lemminx.commons.ModelTextDocuments$$Lambda$86+0x00007ff5d80bc800.apply(Ljava/lang/Object;)Ljava/lang/Object;+16
j  java.util.concurrent.CompletableFuture$UniApply.tryFire(I)Ljava/util/concurrent/CompletableFuture;+106 java.base@17.0.11
j  java.util.concurrent.CompletableFuture$Completion.exec()Z+2 java.base@17.0.11
j  java.util.concurrent.ForkJoinTask.doExec()I+10 java.base@17.0.11
j  java.util.concurrent.ForkJoinPool$WorkQueue.topLevelExec(Ljava/util/concurrent/ForkJoinTask;Ljava/util/concurrent/ForkJoinPool$WorkQueue;)V+13 java.base@17.0.11
j  java.util.concurrent.ForkJoinPool.scan(Ljava/util/concurrent/ForkJoinPool$WorkQueue;II)I+193 java.base@17.0.11
j  java.util.concurrent.ForkJoinPool.runWorker(Ljava/util/concurrent/ForkJoinPool$WorkQueue;)V+53 java.base@17.0.11
j  java.util.concurrent.ForkJoinWorkerThread.run()V+31 java.base@17.0.11
v  ~StubRoutines::call_stub
V  [libjvm.so+0x803165]  JavaCalls::call_helper(JavaValue*, methodHandle const&, JavaCallArguments*, JavaThread*)+0x315
V  [libjvm.so+0x804992]  JavaCalls::call_virtual(JavaValue*, Handle, Klass*, Symbol*, Symbol*, JavaThread*)+0x1d2
V  [libjvm.so+0x8ceb03]  thread_entry(JavaThread*, JavaThread*)+0xa3
V  [libjvm.so+0xdb0c9e]  JavaThread::thread_main_inner()+0xce
V  [libjvm.so+0xdb46ae]  Thread::call_run()+0xde
V  [libjvm.so+0xc03a71]  thread_native_entry(Thread*)+0xe1

Java frames: (J=compiled Java code, j=interpreted, Vv=VM code)
J 53  java.lang.Class.isPrimitive()Z java.base@17.0.11 (0 bytes) @ 0x00007ff635186060 [0x00007ff635186020+0x0000000000000040]
j  jdk.internal.misc.Unsafe.checkPrimitiveArray(Ljava/lang/Class;)V+10 java.base@17.0.11
j  jdk.internal.misc.Unsafe.checkPrimitivePointer(Ljava/lang/Object;J)V+15 java.base@17.0.11
j  jdk.internal.misc.Unsafe.copyMemoryChecks(Ljava/lang/Object;JLjava/lang/Object;JJ)V+9 java.base@17.0.11
j  jdk.internal.misc.Unsafe.copyMemory(Ljava/lang/Object;JLjava/lang/Object;JJ)V+9 java.base@17.0.11
j  sun.nio.fs.NativeBuffers.copyCStringToNativeBuffer([BLsun/nio/fs/NativeBuffer;)V+49 java.base@17.0.11
j  sun.nio.fs.UnixNativeDispatcher.copyToNativeBuffer(Lsun/nio/fs/UnixPath;)Lsun/nio/fs/NativeBuffer;+39 java.base@17.0.11
j  sun.nio.fs.UnixNativeDispatcher.exists(Lsun/nio/fs/UnixPath;)Z+1 java.base@17.0.11
j  sun.nio.fs.UnixFileSystemProvider.exists(Ljava/nio/file/Path;)Z+10 java.base@17.0.11
j  java.nio.file.Files.exists(Ljava/nio/file/Path;[Ljava/nio/file/LinkOption;)Z+22 java.base@17.0.11
j  org.eclipse.lemminx.uriresolver.CacheResourcesManager.getResource(Ljava/lang/String;)Ljava/nio/file/Path;+10
j  org.eclipse.lemminx.extensions.contentmodel.uriresolver.XMLCacheResolverExtension.getCachedResource(Ljava/lang/String;)Ljava/nio/file/Path;+13
j  org.eclipse.lemminx.extensions.contentmodel.model.ContentModelManager.fillReferencedGrammarInfo(Lorg/eclipse/lemminx/dom/DOMDocument;Ljava/lang/String;Ljava/lang/String;Lorg/eclipse/lemminx/extensions/contentmodel/model/ContentModelProvider$Identifier;Ljava/util/Set;)V+57
j  org.eclipse.lemminx.extensions.contentmodel.model.ContentModelManager.getReferencedGrammarInfos(Lorg/eclipse/lemminx/dom/DOMDocument;)Ljava/util/Set;+115
j  org.eclipse.lemminx.extensions.contentmodel.participants.ContentModelSymbolsProviderParticipant.findDocumentSymbols(Lorg/eclipse/lemminx/dom/DOMDocument;Lorg/eclipse/lemminx/services/DocumentSymbolsResult;Lorg/eclipse/lemminx/settings/XMLSymbolFilter;Lorg/eclipse/lsp4j/jsonrpc/CancelChecker;)V+13
j  org.eclipse.lemminx.services.XMLSymbolsProvider.processSymbolsParticipants(Lorg/eclipse/lemminx/dom/DOMDocument;Lorg/eclipse/lemminx/services/SymbolInformationResult;Lorg/eclipse/lemminx/services/DocumentSymbolsResult;Lorg/eclipse/lemminx/settings/XMLSymbolFilter;Lorg/eclipse/lsp4j/jsonrpc/CancelChecker;)Z+284
j  org.eclipse.lemminx.services.XMLSymbolsProvider.findDocumentSymbols(Lorg/eclipse/lemminx/dom/DOMDocument;Lorg/eclipse/lemminx/settings/XMLSymbolSettings;Lorg/eclipse/lsp4j/jsonrpc/CancelChecker;)Lorg/eclipse/lemminx/services/DocumentSymbolsResult;+54
j  org.eclipse.lemminx.services.XMLLanguageService.findDocumentSymbols(Lorg/eclipse/lemminx/dom/DOMDocument;Lorg/eclipse/lemminx/settings/XMLSymbolSettings;Lorg/eclipse/lsp4j/jsonrpc/CancelChecker;)Lorg/eclipse/lemminx/services/DocumentSymbolsResult;+7
j  org.eclipse.lemminx.XMLTextDocumentService.lambda$documentSymbol$9(Lorg/eclipse/lemminx/settings/XMLSymbolSettings;Lorg/eclipse/lemminx/dom/DOMDocument;Lorg/eclipse/lsp4j/jsonrpc/CancelChecker;)Ljava/util/List;+20
j  org.eclipse.lemminx.XMLTextDocumentService$$Lambda$89+0x00007ff5d8100238.apply(Ljava/lang/Object;Ljava/lang/Object;)Ljava/lang/Object;+16
j  org.eclipse.lemminx.commons.ModelTextDocuments.lambda$computeModelAsync$0(Lorg/eclipse/lsp4j/TextDocumentIdentifier;Ljava/util/function/BiFunction;Lorg/eclipse/lsp4j/jsonrpc/CancelChecker;)Ljava/lang/Object;+18
j  org.eclipse.lemminx.commons.ModelTextDocuments$$Lambda$86+0x00007ff5d80bc800.apply(Ljava/lang/Object;)Ljava/lang/Object;+16
j  java.util.concurrent.CompletableFuture$UniApply.tryFire(I)Ljava/util/concurrent/CompletableFuture;+106 java.base@17.0.11
j  java.util.concurrent.CompletableFuture$Completion.exec()Z+2 java.base@17.0.11
j  java.util.concurrent.ForkJoinTask.doExec()I+10 java.base@17.0.11
j  java.util.concurrent.ForkJoinPool$WorkQueue.topLevelExec(Ljava/util/concurrent/ForkJoinTask;Ljava/util/concurrent/ForkJoinPool$WorkQueue;)V+13 java.base@17.0.11
j  java.util.concurrent.ForkJoinPool.scan(Ljava/util/concurrent/ForkJoinPool$WorkQueue;II)I+193 java.base@17.0.11
j  java.util.concurrent.ForkJoinPool.runWorker(Ljava/util/concurrent/ForkJoinPool$WorkQueue;)V+53 java.base@17.0.11
j  java.util.concurrent.ForkJoinWorkerThread.run()V+31 java.base@17.0.11
v  ~StubRoutines::call_stub

siginfo: si_signo: 11 (SIGSEGV), si_code: 1 (SEGV_MAPERR), si_addr: 0x0000000000000001

Registers:
RAX=0x0000000000000001, RBX=0x00007ff5d7002c28, RCX=0x00000000ffe001c0, RDX=0x00007ff5940dcc68
RSP=0x00007ff5d2ffd9e0, RBP=0x00007ff5d2ffda20, RSI=0x0000000000000010, RDI=0x00007ff5940d9390
R8 =0x0000000000000000, R9 =0x00007ff57c029f10, R10=0x00007ff635186060, R11=0x00007ff635186040
R12=0x0000000000000000, R13=0x00007ff5d2ffda38, R14=0x00007ff5d2ffdaa8, R15=0x00007ff5940d9100
RIP=0x00007ff635186130, EFLAGS=0x0000000000010246, CSGSFS=0x002b000000000033, ERR=0x0000000000000006
  TRAPNO=0x000000000000000e


Register to memory mapping:

RAX=0x0000000000000001 is an unknown value
RBX={method} {0x00007ff5d7002c28} 'isPrimitive' '()Z' in 'java/lang/Class'
RCX=0x00000000ffe001c0 is an oop: java.lang.Class 
{0x00000000ffe001c0} - klass: 'java/lang/Class'
 - ---- fields (total size 14 words):
 - private volatile transient 'classRedefinedCount' 'I' @12  0
 - private volatile transient 'cachedConstructor' 'Ljava/lang/reflect/Constructor;' @40  NULL (0)
 - private transient 'name' 'Ljava/lang/String;' @44  "byte"{0x00000000fff29e00} (fff29e00)
 - private transient 'module' 'Ljava/lang/Module;' @48  a 'java/lang/Module'{0x00000000ffe57100} (ffe57100)
 - private final 'classLoader' 'Ljava/lang/ClassLoader;' @52  NULL (0)
 - private transient 'classData' 'Ljava/lang/Object;' @56  NULL (0)
 - private transient 'packageName' 'Ljava/lang/String;' @60  NULL (0)
 - private final 'componentType' 'Ljava/lang/Class;' @64  NULL (0)
 - private volatile transient 'reflectionData' 'Ljava/lang/ref/SoftReference;' @68  NULL (0)
 - private volatile transient 'genericInfo' 'Lsun/reflect/generics/repository/ClassRepository;' @72  NULL (0)
 - private volatile transient 'enumConstants' '[Ljava/lang/Object;' @76  NULL (0)
 - private volatile transient 'enumConstantDirectory' 'Ljava/util/Map;' @80  NULL (0)
 - private volatile transient 'annotationData' 'Ljava/lang/Class$AnnotationData;' @84  NULL (0)
 - private volatile transient 'annotationType' 'Lsun/reflect/annotation/AnnotationType;' @88  NULL (0)
 - transient 'classValueMap' 'Ljava/lang/ClassValue$ClassValueMap;' @92  NULL (0)
 - signature: B
 - fake entry for mirror: NULL
 - fake entry for array: {type array byte}
 - fake entry for oop_size: 14
 - fake entry for static_oop_field_count: 0
RDX=0x00007ff5940dcc68 points into unknown readable memory: 0x0000000000000145 | 45 01 00 00 00 00 00 00
RSP=0x00007ff5d2ffd9e0 is pointing into the stack for thread: 0x00007ff5940d9100
RBP=0x00007ff5d2ffda20 is pointing into the stack for thread: 0x00007ff5940d9100
RSI=0x0000000000000010 is an unknown value
RDI=0x00007ff5940d9390 points into unknown readable memory: 0x00007ff5d2ffd9e0 | e0 d9 ff d2 f5 7f 00 00
R8 =0x0 is NULL
R9 =0x00007ff57c029f10 points into unknown readable memory: 0x00007ff57c000610 | 10 06 00 7c f5 7f 00 00
R10=0x00007ff635186060 is at entry_point+64 in (nmethod*)0x00007ff635185e90
Compiled method (n/a) 23517593   53     n 0       java.lang.Class::isPrimitive (native)
 total in heap  [0x00007ff635185e90,0x00007ff6351861f8] = 872
 relocation     [0x00007ff635185ff0,0x00007ff635186020] = 48
 main code      [0x00007ff635186020,0x00007ff6351861f8] = 472
R11=0x00007ff635186040 is at entry_point+32 in (nmethod*)0x00007ff635185e90
Compiled method (n/a) 23517593   53     n 0       java.lang.Class::isPrimitive (native)
 total in heap  [0x00007ff635185e90,0x00007ff6351861f8] = 872
 relocation     [0x00007ff635185ff0,0x00007ff635186020] = 48
 main code      [0x00007ff635186020,0x00007ff6351861f8] = 472
R12=0x0 is NULL
R13=0x00007ff5d2ffda38 is pointing into the stack for thread: 0x00007ff5940d9100
R14=0x00007ff5d2ffdaa8 is pointing into the stack for thread: 0x00007ff5940d9100
R15=0x00007ff5940d9100 is a thread


Top of Stack: (sp=0x00007ff5d2ffd9e0)
0x00007ff5d2ffd9e0:   00000000ffe001c0 00007ff62d97d43c
0x00007ff5d2ffd9f0:   00007ff5940d9100 0000000000000000
0x00007ff5d2ffda00:   00007ff5d715e600 53b9bb7779ed7700
0x00007ff5d2ffda10:   00000000ffe005b0 00007ff5d744c4f0 

Instructions: (pc=0x00007ff635186130)
0x00007ff635186030:   d3 49 3b c2 0f 84 06 00 00 00 e9 41 77 ab ff 90
0x00007ff635186040:   89 84 24 00 c0 fe ff 55 48 8b ec 48 83 ec 40 48
0x00007ff635186050:   89 34 24 48 83 fe 00 48 8d 34 24 48 0f 44 34 24
0x00007ff635186060:   c5 f8 77 49 ba 60 60 18 35 f6 7f 00 00 4d 89 97
0x00007ff635186070:   98 02 00 00 49 89 a7 90 02 00 00 80 3d 4b 0a 3d
0x00007ff635186080:   17 00 0f 84 32 00 00 00 56 48 be 28 2c 00 d7 f5
0x00007ff635186090:   7f 00 00 49 8b ff f7 c4 0f 00 00 00 0f 84 12 00
0x00007ff6351860a0:   00 00 48 83 ec 08 e8 a5 2c e4 16 48 83 c4 08 e9
0x00007ff6351860b0:   05 00 00 00 e8 97 2c e4 16 5e 49 8d bf b0 02 00
0x00007ff6351860c0:   00 41 c7 87 40 03 00 00 04 00 00 00 e8 9f c4 a5
0x00007ff6351860d0:   16 c5 f8 77 81 e0 ff 00 00 00 0f 95 c0 41 c7 87
0x00007ff6351860e0:   40 03 00 00 05 00 00 00 f0 83 44 24 c0 00 49 3b
0x00007ff6351860f0:   af 48 03 00 00 0f 87 11 00 00 00 41 81 bf 30 03
0x00007ff635186100:   00 00 00 00 00 00 0f 84 24 00 00 00 c5 f8 77 48
0x00007ff635186110:   00 00 00 00 8b ff 4c 8b e4 48 83 ec 00 48 83 e4
0x00007ff635186120:   00 00 00 00 00 00 00 00 00 00 00 00 48 8b 45 f8
0x00007ff635186130:   00 00 00 00 00 00 00 00 00 00 00 00 00 00 00 00
0x00007ff635186140:   00 00 02 00 00 00 0f 84 84 00 00 00 80 3d 7a 09
0x00007ff635186150:   3d 17 00 0f 84 38 00 00 00 48 89 45 f8 48 be 28
0x00007ff635186160:   2c 00 d7 f5 7f 00 00 49 8b ff f7 c4 0f 00 00 00
0x00007ff635186170:   0f 84 12 00 00 00 48 83 ec 08 e8 e1 2b e4 16 48
0x00007ff635186180:   83 c4 08 e9 05 00 00 00 e8 d3 2b e4 16 48 8b 45
0x00007ff635186190:   f8 49 c7 87 90 02 00 00 00 00 00 00 49 c7 87 98
0x00007ff6351861a0:   02 00 00 00 00 00 00 c5 f8 77 49 8b 8f d8 00 00
0x00007ff6351861b0:   00 c7 81 00 01 00 00 00 00 00 00 c9 49 81 7f 08
0x00007ff6351861c0:   00 00 00 00 0f 85 01 00 00 00 c3 e9 30 ba a6 ff
0x00007ff6351861d0:   c5 f8 77 48 89 45 f8 4c 8b e4 48 83 ec 00 48 83
0x00007ff6351861e0:   e4 f0 e8 89 39 e4 16 49 8b e4 4d 33 e4 48 8b 45
0x00007ff6351861f0:   f8 e9 56 ff ff ff f4 f4 00 00 00 00 00 00 00 00
0x00007ff635186200:   06 00 00 00 00 00 00 00 01 00 00 00 00 00 00 00
0x00007ff635186210:   c0 7e 50 4c f6 7f 00 00 00 00 00 00 88 01 00 00
0x00007ff635186220:   60 01 00 00 18 00 00 00 88 01 00 00 00 00 00 00 


Stack slot to memory mapping:
stack at sp + 0 slots: 0x00000000ffe001c0 is an oop: java.lang.Class 
{0x00000000ffe001c0} - klass: 'java/lang/Class'
 - ---- fields (total size 14 words):
 - private volatile transient 'classRedefinedCount' 'I' @12  0
 - private volatile transient 'cachedConstructor' 'Ljava/lang/reflect/Constructor;' @40  NULL (0)
 - private transient 'name' 'Ljava/lang/String;' @44  "byte"{0x00000000fff29e00} (fff29e00)
 - private transient 'module' 'Ljava/lang/Module;' @48  a 'java/lang/Module'{0x00000000ffe57100} (ffe57100)
 - private final 'classLoader' 'Ljava/lang/ClassLoader;' @52  NULL (0)
 - private transient 'classData' 'Ljava/lang/Object;' @56  NULL (0)
 - private transient 'packageName' 'Ljava/lang/String;' @60  NULL (0)
 - private final 'componentType' 'Ljava/lang/Class;' @64  NULL (0)
 - private volatile transient 'reflectionData' 'Ljava/lang/ref/SoftReference;' @68  NULL (0)
 - private volatile transient 'genericInfo' 'Lsun/reflect/generics/repository/ClassRepository;' @72  NULL (0)
 - private volatile transient 'enumConstants' '[Ljava/lang/Object;' @76  NULL (0)
 - private volatile transient 'enumConstantDirectory' 'Ljava/util/Map;' @80  NULL (0)
 - private volatile transient 'annotationData' 'Ljava/lang/Class$AnnotationData;' @84  NULL (0)
 - private volatile transient 'annotationType' 'Lsun/reflect/annotation/AnnotationType;' @88  NULL (0)
 - transient 'classValueMap' 'Ljava/lang/ClassValue$ClassValueMap;' @92  NULL (0)
 - signature: B
 - fake entry for mirror: NULL
 - fake entry for array: {type array byte}
 - fake entry for oop_size: 14
 - fake entry for static_oop_field_count: 0
stack at sp + 1 slots: 0x00007ff62d97d43c is at entry_point+124 in (nmethod*)0x00007ff62d97d210
Compiled method (c1) 23517609 1397       3       java.lang.Class::getComponentType (14 bytes)
 total in heap  [0x00007ff62d97d210,0x00007ff62d97d5e8] = 984
 relocation     [0x00007ff62d97d370,0x00007ff62d97d3b8] = 72
 main code      [0x00007ff62d97d3c0,0x00007ff62d97d540] = 384
 stub code      [0x00007ff62d97d540,0x00007ff62d97d580] = 64
 metadata       [0x00007ff62d97d580,0x00007ff62d97d588] = 8
 scopes data    [0x00007ff62d97d588,0x00007ff62d97d5a0] = 24
 scopes pcs     [0x00007ff62d97d5a0,0x00007ff62d97d5e0] = 64
 dependencies   [0x00007ff62d97d5e0,0x00007ff62d97d5e8] = 8
stack at sp + 2 slots: 0x00007ff5940d9100 is a thread
stack at sp + 3 slots: 0x0 is NULL
stack at sp + 4 slots: 0x00007ff5d715e600 is pointing into metadata
stack at sp + 5 slots: 0x53b9bb7779ed7700 is an unknown value
stack at sp + 6 slots: 0x00000000ffe005b0 is an oop: java.lang.Class 
{0x00000000ffe005b0} - klass: 'java/lang/Class'
 - ---- fields (total size 14 words):
 - private volatile transient 'classRedefinedCount' 'I' @12  0
 - private volatile transient 'cachedConstructor' 'Ljava/lang/reflect/Constructor;' @40  NULL (0)
 - private transient 'name' 'Ljava/lang/String;' @44  "[B"{0x00000000fc119170} (fc119170)
 - private transient 'module' 'Ljava/lang/Module;' @48  a 'java/lang/Module'{0x00000000ffe57100} (ffe57100)
 - private final 'classLoader' 'Ljava/lang/ClassLoader;' @52  NULL (0)
 - private transient 'classData' 'Ljava/lang/Object;' @56  NULL (0)
 - private transient 'packageName' 'Ljava/lang/String;' @60  NULL (0)
 - private final 'componentType' 'Ljava/lang/Class;' @64  a 'java/lang/Class'{0x00000000ffe001c0} = byte (ffe001c0)
 - private volatile transient 'reflectionData' 'Ljava/lang/ref/SoftReference;' @68  NULL (0)
 - private volatile transient 'genericInfo' 'Lsun/reflect/generics/repository/ClassRepository;' @72  NULL (0)
 - private volatile transient 'enumConstants' '[Ljava/lang/Object;' @76  NULL (0)
 - private volatile transient 'enumConstantDirectory' 'Ljava/util/Map;' @80  NULL (0)
 - private volatile transient 'annotationData' 'Ljava/lang/Class$AnnotationData;' @84  NULL (0)
 - private volatile transient 'annotationType' 'Lsun/reflect/annotation/AnnotationType;' @88  NULL (0)
 - transient 'classValueMap' 'Ljava/lang/ClassValue$ClassValueMap;' @92  NULL (0)
 - signature: [B
 - fake entry for mirror: {type array byte}
 - fake entry for array: {type array byte}[]
 - fake entry for oop_size: 14
 - fake entry for static_oop_field_count: 0
stack at sp + 7 slots: {method} {0x00007ff5d744c4f0} 'getClass' '()Ljava/lang/Class;' in 'java/lang/Object'


Compiled method (n/a) 23517613   53     n 0       java.lang.Class::isPrimitive (native)
 total in heap  [0x00007ff635185e90,0x00007ff6351861f8] = 872
 relocation     [0x00007ff635185ff0,0x00007ff635186020] = 48
 main code      [0x00007ff635186020,0x00007ff6351861f8] = 472

[Constant Pool (empty)]

[MachCode]
[Entry Point]
  # {method} {0x00007ff5d7002c28} 'isPrimitive' '()Z' in 'java/lang/Class'
  #           [sp+0x50]  (sp of caller)
  0x00007ff635186020: 448b 5608 | 49bb 0000 | 00d7 f57f | 0000 4d03 | d349 3bc2 | 0f84 0600 

  0x00007ff635186038: ;   {runtime_call ic_miss_stub}
  0x00007ff635186038: 0000 e941 | 77ab ff90 
[Verified Entry Point]
  0x00007ff635186040: 8984 2400 | c0fe ff55 | 488b ec48 | 83ec 4048 | 8934 2448 | 83fe 0048 | 8d34 2448 | 0f44 3424 
  0x00007ff635186060: ;   {internal_word}
  0x00007ff635186060: c5f8 7749 | ba60 6018 | 35f6 7f00 | 004d 8997 | 9802 0000 | 4989 a790 

  0x00007ff635186078: ;   {external_word}
  0x00007ff635186078: 0200 0080 | 3d4b 0a3d | 1700 0f84 | 3200 0000 

  0x00007ff635186088: ;   {metadata({method} {0x00007ff5d7002c28} 'isPrimitive' '()Z' in 'java/lang/Class')}
  0x00007ff635186088: 5648 be28 | 2c00 d7f5 | 7f00 0049 | 8bff f7c4 | 0f00 0000 | 0f84 1200 | 0000 4883 

  0x00007ff6351860a4: ;   {runtime_call SharedRuntime::dtrace_method_entry(JavaThread*, Method*)}
  0x00007ff6351860a4: ec08 e8a5 | 2ce4 1648 | 83c4 08e9 | 0500 0000 

  0x00007ff6351860b4: ;   {runtime_call SharedRuntime::dtrace_method_entry(JavaThread*, Method*)}
  0x00007ff6351860b4: e897 2ce4 | 165e 498d | bfb0 0200 | 0041 c787 | 4003 0000 | 0400 0000 

  0x00007ff6351860cc: ;   {runtime_call JVM_IsPrimitiveClass}
  0x00007ff6351860cc: e89f c4a5 | 16c5 f877 | 81e0 ff00 | 0000 0f95 | c041 c787 | 4003 0000 | 0500 0000 | f083 4424 
  0x00007ff6351860ec: c000 493b | af48 0300 | 000f 8711 | 0000 0041 | 81bf 3003 | 0000 0000 | 0000 0f84 | 2400 0000 
  0x00007ff63518610c: c5f8 7748 | 0000 0000 | 8bff 4c8b | e448 83ec | 0048 83e4 
[error occurred during error reporting (printing code blobs if possible), id 0xe0000000, Internal Error (open/src/hotspot/cpu/x86/relocInfo_x86.cpp:106)]


---------------  P R O C E S S  ---------------

Threads class SMR info:
_java_thread_list=0x00007ff580067ed0, length=18, elements={
0x00007ff6440aa6c0, 0x00007ff6440abab0, 0x00007ff6440b3ad0, 0x00007ff6440b4e90,
0x00007ff6440b62b0, 0x00007ff6440b7c70, 0x00007ff6440b91b0, 0x00007ff6440ba630,
0x00007ff6440c1de0, 0x00007ff6440c56c0, 0x00007ff644157960, 0x00007ff6442077f0,
0x00007ff644024110, 0x00007ff5940392c0, 0x00007ff5a0042ea0, 0x00007ff5940d9100,
0x00007ff57c00df30, 0x00007ff58008afd0
}

Java Threads: ( => current thread )
  0x00007ff6440aa6c0 JavaThread "Reference Handler" daemon [_thread_blocked, id=29980, stack(0x00007ff62d20c000,0x00007ff62d30c000)]
  0x00007ff6440abab0 JavaThread "Finalizer" daemon [_thread_blocked, id=29981, stack(0x00007ff62d10b000,0x00007ff62d20b000)]
  0x00007ff6440b3ad0 JavaThread "Signal Dispatcher" daemon [_thread_blocked, id=29982, stack(0x00007ff62cfb3000,0x00007ff62d0b3000)]
  0x00007ff6440b4e90 JavaThread "Service Thread" daemon [_thread_blocked, id=29983, stack(0x00007ff62ceb2000,0x00007ff62cfb2000)]
  0x00007ff6440b62b0 JavaThread "Monitor Deflation Thread" daemon [_thread_blocked, id=29984, stack(0x00007ff62cdb1000,0x00007ff62ceb1000)]
  0x00007ff6440b7c70 JavaThread "C2 CompilerThread0" daemon [_thread_blocked, id=29985, stack(0x00007ff62ccb0000,0x00007ff62cdb0000)]
  0x00007ff6440b91b0 JavaThread "C1 CompilerThread0" daemon [_thread_blocked, id=29986, stack(0x00007ff62cbaf000,0x00007ff62ccaf000)]
  0x00007ff6440ba630 JavaThread "Sweeper thread" daemon [_thread_blocked, id=29987, stack(0x00007ff62caae000,0x00007ff62cbae000)]
  0x00007ff6440c1de0 JavaThread "Notification Thread" daemon [_thread_blocked, id=29988, stack(0x00007ff62c9ad000,0x00007ff62caad000)]
  0x00007ff6440c56c0 JavaThread "Common-Cleaner" daemon [_thread_blocked, id=29990, stack(0x00007ff62c7ab000,0x00007ff62c8ab000)]
  0x00007ff644157960 JavaThread "pool-4-thread-1" [_thread_blocked, id=29994, stack(0x00007ff62c661000,0x00007ff62c761000)]
  0x00007ff6442077f0 JavaThread "pool-5-thread-1" [_thread_in_native_trans, id=29996, stack(0x00007ff62c560000,0x00007ff62c660000)]
  0x00007ff644024110 JavaThread "DestroyJavaVM" [_thread_blocked, id=29973, stack(0x00007ff64b123000,0x00007ff64b223000)]
  0x00007ff5940392c0 JavaThread "pool-6-thread-1" [_thread_blocked, id=30010, stack(0x00007ff62c05b000,0x00007ff62c15b000)]
  0x00007ff5a0042ea0 JavaThread "process reaper" daemon [_thread_blocked, id=30462, stack(0x00007ff62c038000,0x00007ff62c05a000)]
=>0x00007ff5940d9100 JavaThread "ForkJoinPool.commonPool-worker-11" daemon [_thread_in_native_trans, id=92057, stack(0x00007ff5d2f00000,0x00007ff5d3000000)]
  0x00007ff57c00df30 JavaThread "ForkJoinPool.commonPool-worker-12" daemon [_thread_blocked, id=92058, stack(0x00007ff5d2dff000,0x00007ff5d2eff000)]
  0x00007ff58008afd0 JavaThread "ForkJoinPool.commonPool-worker-13" daemon [_thread_in_native_trans, id=92211, stack(0x00007ff5d2cfe000,0x00007ff5d2dfe000)]

Other Threads:
  0x00007ff6440a6790 VMThread "VM Thread" [stack: 0x00007ff62d30d000,0x00007ff62d40d000] [id=29979] _threads_hazard_ptr=0x00007ff580067ed0
  0x00007ff6440c3890 WatcherThread [stack: 0x00007ff62c8ac000,0x00007ff62c9ac000] [id=29989]
  0x00007ff644044fa0 GCTaskThread "GC Thread#0" [stack: 0x00007ff64a78e000,0x00007ff64a88e000] [id=29974]
  0x00007ff5cc0051d0 GCTaskThread "GC Thread#1" [stack: 0x00007ff62c45f000,0x00007ff62c55f000] [id=30005]
  0x00007ff5cc005c00 GCTaskThread "GC Thread#2" [stack: 0x00007ff62c35e000,0x00007ff62c45e000] [id=30006]
  0x00007ff5cc006630 GCTaskThread "GC Thread#3" [stack: 0x00007ff62c25d000,0x00007ff62c35d000] [id=30007]
  0x00007ff644046970 ConcurrentGCThread "G1 Main Marker" [stack: 0x00007ff64a68d000,0x00007ff64a78d000] [id=29975]
  0x00007ff6440478e0 ConcurrentGCThread "G1 Conc#0" [stack: 0x00007ff64a58c000,0x00007ff64a68c000] [id=29976]
  0x00007ff644084250 ConcurrentGCThread "G1 Refine#0" [stack: 0x00007ff648087000,0x00007ff648187000] [id=29977]
  0x00007ff644085140 ConcurrentGCThread "G1 Service" [stack: 0x00007ff62d5ba000,0x00007ff62d6ba000] [id=29978]

Threads with active compile tasks:

VM state: synchronizing (normal execution)

VM Mutex/Monitor currently owned by a thread:  ([mutex/lock_event])
[0x00007ff6440212b0] Threads_lock - owner thread: 0x00007ff6440a6790

Heap address: 0x00000000fc000000, size: 64 MB, Compressed Oops mode: 32-bit

CDS archive(s) mapped at: [0x00007ff5d7000000-0x00007ff5d7bee000-0x00007ff5d7bee000), size 12509184, SharedBaseAddress: 0x00007ff5d7000000, ArchiveRelocationMode: 1.
Compressed class space mapped at: 0x00007ff5d8000000-0x00007ff618000000, reserved size: 1073741824
Narrow klass base: 0x00007ff5d7000000, Narrow klass shift: 0, Narrow klass range: 0x100000000

GC Precious Log:
 CPUs: 4 total, 4 available
 Memory: 7946M
 Large Page Support: Disabled
 NUMA Support: Disabled
 Compressed Oops: Enabled (32-bit)
 Heap Region Size: 1M
 Heap Min Capacity: 8M
 Heap Initial Capacity: 64M
 Heap Max Capacity: 64M
 Pre-touch: Disabled
 Parallel Workers: 4
 Concurrent Workers: 1
 Concurrent Refinement Workers: 4
 Periodic GC: Disabled

Heap:
 garbage-first heap   total 65536K, used 16633K [0x00000000fc000000, 0x0000000100000000)
  region size 1024K, 13 young (13312K), 2 survivors (2048K)
 Metaspace       used 13395K, committed 13568K, reserved 1114112K
  class space    used 1599K, committed 1664K, reserved 1048576K

Heap Regions: E=young(eden), S=young(survivor), O=old, HS=humongous(starts), HC=humongous(continues), CS=collection set, F=free, OA=open archive, CA=closed archive, TAMS=top-at-mark-start (previous, next)
|   0|0x00000000fc000000, 0x00000000fc100000, 0x00000000fc100000|100%|HS|  |TAMS 0x00000000fc000000, 0x00000000fc000000| Complete 
|   1|0x00000000fc100000, 0x00000000fc200000, 0x00000000fc200000|100%| O|  |TAMS 0x00000000fc100000, 0x00000000fc100000| Untracked 
|   2|0x00000000fc200000, 0x00000000fc300000, 0x00000000fc300000|100%| O|  |TAMS 0x00000000fc200000, 0x00000000fc200000| Untracked 
|   3|0x00000000fc300000, 0x00000000fc400000, 0x00000000fc400000|100%| O|  |TAMS 0x00000000fc300000, 0x00000000fc300000| Untracked 
|   4|0x00000000fc400000, 0x00000000fc500000, 0x00000000fc500000|100%| O|  |TAMS 0x00000000fc400000, 0x00000000fc400000| Untracked 
|   5|0x00000000fc500000, 0x00000000fc500000, 0x00000000fc600000|  0%| F|  |TAMS 0x00000000fc500000, 0x00000000fc500000| Untracked 
|   6|0x00000000fc600000, 0x00000000fc600000, 0x00000000fc700000|  0%| F|  |TAMS 0x00000000fc600000, 0x00000000fc600000| Untracked 
|   7|0x00000000fc700000, 0x00000000fc700000, 0x00000000fc800000|  0%| F|  |TAMS 0x00000000fc700000, 0x00000000fc700000| Untracked 
|   8|0x00000000fc800000, 0x00000000fc800000, 0x00000000fc900000|  0%| F|  |TAMS 0x00000000fc800000, 0x00000000fc800000| Untracked 
|   9|0x00000000fc900000, 0x00000000fc900000, 0x00000000fca00000|  0%| F|  |TAMS 0x00000000fc900000, 0x00000000fc900000| Untracked 
|  10|0x00000000fca00000, 0x00000000fca00000, 0x00000000fcb00000|  0%| F|  |TAMS 0x00000000fca00000, 0x00000000fca00000| Untracked 
|  11|0x00000000fcb00000, 0x00000000fcb00000, 0x00000000fcc00000|  0%| F|  |TAMS 0x00000000fcb00000, 0x00000000fcb00000| Untracked 
|  12|0x00000000fcc00000, 0x00000000fcc00000, 0x00000000fcd00000|  0%| F|  |TAMS 0x00000000fcc00000, 0x00000000fcc00000| Untracked 
|  13|0x00000000fcd00000, 0x00000000fcd00000, 0x00000000fce00000|  0%| F|  |TAMS 0x00000000fcd00000, 0x00000000fcd00000| Untracked 
|  14|0x00000000fce00000, 0x00000000fce00000, 0x00000000fcf00000|  0%| F|  |TAMS 0x00000000fce00000, 0x00000000fce00000| Untracked 
|  15|0x00000000fcf00000, 0x00000000fcf00000, 0x00000000fd000000|  0%| F|  |TAMS 0x00000000fcf00000, 0x00000000fcf00000| Untracked 
|  16|0x00000000fd000000, 0x00000000fd000000, 0x00000000fd100000|  0%| F|  |TAMS 0x00000000fd000000, 0x00000000fd000000| Untracked 
|  17|0x00000000fd100000, 0x00000000fd100000, 0x00000000fd200000|  0%| F|  |TAMS 0x00000000fd100000, 0x00000000fd100000| Untracked 
|  18|0x00000000fd200000, 0x00000000fd200000, 0x00000000fd300000|  0%| F|  |TAMS 0x00000000fd200000, 0x00000000fd200000| Untracked 
|  19|0x00000000fd300000, 0x00000000fd300000, 0x00000000fd400000|  0%| F|  |TAMS 0x00000000fd300000, 0x00000000fd300000| Untracked 
|  20|0x00000000fd400000, 0x00000000fd400000, 0x00000000fd500000|  0%| F|  |TAMS 0x00000000fd400000, 0x00000000fd400000| Untracked 
|  21|0x00000000fd500000, 0x00000000fd500000, 0x00000000fd600000|  0%| F|  |TAMS 0x00000000fd500000, 0x00000000fd500000| Untracked 
|  22|0x00000000fd600000, 0x00000000fd6437e0, 0x00000000fd700000| 26%| S|CS|TAMS 0x00000000fd600000, 0x00000000fd600000| Complete 
|  23|0x00000000fd700000, 0x00000000fd800000, 0x00000000fd800000|100%| S|CS|TAMS 0x00000000fd700000, 0x00000000fd700000| Complete 
|  24|0x00000000fd800000, 0x00000000fd800000, 0x00000000fd900000|  0%| F|  |TAMS 0x00000000fd800000, 0x00000000fd800000| Untracked 
|  25|0x00000000fd900000, 0x00000000fd900000, 0x00000000fda00000|  0%| F|  |TAMS 0x00000000fd900000, 0x00000000fd900000| Untracked 
|  26|0x00000000fda00000, 0x00000000fda00000, 0x00000000fdb00000|  0%| F|  |TAMS 0x00000000fda00000, 0x00000000fda00000| Untracked 
|  27|0x00000000fdb00000, 0x00000000fdb00000, 0x00000000fdc00000|  0%| F|  |TAMS 0x00000000fdb00000, 0x00000000fdb00000| Untracked 
|  28|0x00000000fdc00000, 0x00000000fdc00000, 0x00000000fdd00000|  0%| F|  |TAMS 0x00000000fdc00000, 0x00000000fdc00000| Untracked 
|  29|0x00000000fdd00000, 0x00000000fdd00000, 0x00000000fde00000|  0%| F|  |TAMS 0x00000000fdd00000, 0x00000000fdd00000| Untracked 
|  30|0x00000000fde00000, 0x00000000fde00000, 0x00000000fdf00000|  0%| F|  |TAMS 0x00000000fde00000, 0x00000000fde00000| Untracked 
|  31|0x00000000fdf00000, 0x00000000fdf00000, 0x00000000fe000000|  0%| F|  |TAMS 0x00000000fdf00000, 0x00000000fdf00000| Untracked 
|  32|0x00000000fe000000, 0x00000000fe000000, 0x00000000fe100000|  0%| F|  |TAMS 0x00000000fe000000, 0x00000000fe000000| Untracked 
|  33|0x00000000fe100000, 0x00000000fe100000, 0x00000000fe200000|  0%| F|  |TAMS 0x00000000fe100000, 0x00000000fe100000| Untracked 
|  34|0x00000000fe200000, 0x00000000fe200000, 0x00000000fe300000|  0%| F|  |TAMS 0x00000000fe200000, 0x00000000fe200000| Untracked 
|  35|0x00000000fe300000, 0x00000000fe300000, 0x00000000fe400000|  0%| F|  |TAMS 0x00000000fe300000, 0x00000000fe300000| Untracked 
|  36|0x00000000fe400000, 0x00000000fe400000, 0x00000000fe500000|  0%| F|  |TAMS 0x00000000fe400000, 0x00000000fe400000| Untracked 
|  37|0x00000000fe500000, 0x00000000fe500000, 0x00000000fe600000|  0%| F|  |TAMS 0x00000000fe500000, 0x00000000fe500000| Untracked 
|  38|0x00000000fe600000, 0x00000000fe600000, 0x00000000fe700000|  0%| F|  |TAMS 0x00000000fe600000, 0x00000000fe600000| Untracked 
|  39|0x00000000fe700000, 0x00000000fe700000, 0x00000000fe800000|  0%| F|  |TAMS 0x00000000fe700000, 0x00000000fe700000| Untracked 
|  40|0x00000000fe800000, 0x00000000fe800000, 0x00000000fe900000|  0%| F|  |TAMS 0x00000000fe800000, 0x00000000fe800000| Untracked 
|  41|0x00000000fe900000, 0x00000000fe900000, 0x00000000fea00000|  0%| F|  |TAMS 0x00000000fe900000, 0x00000000fe900000| Untracked 
|  42|0x00000000fea00000, 0x00000000fea00000, 0x00000000feb00000|  0%| F|  |TAMS 0x00000000fea00000, 0x00000000fea00000| Untracked 
|  43|0x00000000feb00000, 0x00000000feb00000, 0x00000000fec00000|  0%| F|  |TAMS 0x00000000feb00000, 0x00000000feb00000| Untracked 
|  44|0x00000000fec00000, 0x00000000fec00000, 0x00000000fed00000|  0%| F|  |TAMS 0x00000000fec00000, 0x00000000fec00000| Untracked 
|  45|0x00000000fed00000, 0x00000000fed00000, 0x00000000fee00000|  0%| F|  |TAMS 0x00000000fed00000, 0x00000000fed00000| Untracked 
|  46|0x00000000fee00000, 0x00000000fee00000, 0x00000000fef00000|  0%| F|  |TAMS 0x00000000fee00000, 0x00000000fee00000| Untracked 
|  47|0x00000000fef00000, 0x00000000fef00000, 0x00000000ff000000|  0%| F|  |TAMS 0x00000000fef00000, 0x00000000fef00000| Untracked 
|  48|0x00000000ff000000, 0x00000000ff000000, 0x00000000ff100000|  0%| F|  |TAMS 0x00000000ff000000, 0x00000000ff000000| Untracked 
|  49|0x00000000ff100000, 0x00000000ff100000, 0x00000000ff200000|  0%| F|  |TAMS 0x00000000ff100000, 0x00000000ff100000| Untracked 
|  50|0x00000000ff200000, 0x00000000ff200000, 0x00000000ff300000|  0%| F|  |TAMS 0x00000000ff200000, 0x00000000ff200000| Untracked 
|  51|0x00000000ff300000, 0x00000000ff38b7f0, 0x00000000ff400000| 54%| E|  |TAMS 0x00000000ff300000, 0x00000000ff300000| Complete 
|  52|0x00000000ff400000, 0x00000000ff500000, 0x00000000ff500000|100%| E|CS|TAMS 0x00000000ff400000, 0x00000000ff400000| Complete 
|  53|0x00000000ff500000, 0x00000000ff600000, 0x00000000ff600000|100%| E|CS|TAMS 0x00000000ff500000, 0x00000000ff500000| Complete 
|  54|0x00000000ff600000, 0x00000000ff700000, 0x00000000ff700000|100%| E|CS|TAMS 0x00000000ff600000, 0x00000000ff600000| Complete 
|  55|0x00000000ff700000, 0x00000000ff800000, 0x00000000ff800000|100%| E|CS|TAMS 0x00000000ff700000, 0x00000000ff700000| Complete 
|  56|0x00000000ff800000, 0x00000000ff900000, 0x00000000ff900000|100%| E|CS|TAMS 0x00000000ff800000, 0x00000000ff800000| Complete 
|  57|0x00000000ff900000, 0x00000000ffa00000, 0x00000000ffa00000|100%| E|CS|TAMS 0x00000000ff900000, 0x00000000ff900000| Complete 
|  58|0x00000000ffa00000, 0x00000000ffb00000, 0x00000000ffb00000|100%| E|CS|TAMS 0x00000000ffa00000, 0x00000000ffa00000| Complete 
|  59|0x00000000ffb00000, 0x00000000ffc00000, 0x00000000ffc00000|100%| E|CS|TAMS 0x00000000ffb00000, 0x00000000ffb00000| Complete 
|  60|0x00000000ffc00000, 0x00000000ffd00000, 0x00000000ffd00000|100%| E|CS|TAMS 0x00000000ffc00000, 0x00000000ffc00000| Complete 
|  61|0x00000000ffd00000, 0x00000000ffe00000, 0x00000000ffe00000|100%| E|  |TAMS 0x00000000ffd00000, 0x00000000ffd00000| Complete 
|  62|0x00000000ffe00000, 0x00000000ffe77000, 0x00000000fff00000| 46%|OA|  |TAMS 0x00000000ffe00000, 0x00000000ffe00000| Untracked 
|  63|0x00000000fff00000, 0x00000000fff84000, 0x0000000100000000| 51%|CA|  |TAMS 0x00000000fff00000, 0x00000000fff00000| Untracked 

Card table byte_map: [0x00007ff64aaae000,0x00007ff64aace000] _byte_map_base: 0x00007ff64a2ce000

Marking Bits (Prev, Next): (CMBitMap*) 0x00007ff644045a20, (CMBitMap*) 0x00007ff644045a60
 Prev Bits: [0x00007ff64a98e000, 0x00007ff64aa8e000)
 Next Bits: [0x00007ff64a88e000, 0x00007ff64a98e000)

Polling page: 0x00007ff64c801000

Metaspace:

Usage:
  Non-class:     11.52 MB used.
      Class:      1.56 MB used.
       Both:     13.08 MB used.

Virtual space:
  Non-class space:       64.00 MB reserved,      11.62 MB ( 18%) committed,  1 nodes.
      Class space:        1.00 GB reserved,       1.62 MB ( <1%) committed,  1 nodes.
             Both:        1.06 GB reserved,      13.25 MB (  1%) committed. 

Chunk freelists:
   Non-Class:  4.20 MB
       Class:  14.31 MB
        Both:  18.52 MB

MaxMetaspaceSize: unlimited
CompressedClassSpaceSize: 1.00 GB
Initial GC threshold: 21.00 MB
Current GC threshold: 21.00 MB
CDS: on
MetaspaceReclaimPolicy: balanced
 - commit_granule_bytes: 65536.
 - commit_granule_words: 8192.
 - virtual_space_node_default_size: 8388608.
 - enlarge_chunks_in_place: 1.
 - new_chunks_are_fully_committed: 0.
 - uncommit_free_chunks: 1.
 - use_allocation_guard: 0.
 - handle_deallocations: 1.


Internal statistics:

num_allocs_failed_limit: 0.
num_arena_births: 114.
num_arena_deaths: 0.
num_vsnodes_births: 2.
num_vsnodes_deaths: 0.
num_space_committed: 212.
num_space_uncommitted: 0.
num_chunks_returned_to_freelist: 0.
num_chunks_taken_from_freelist: 518.
num_chunk_merges: 0.
num_chunk_splits: 376.
num_chunks_enlarged: 298.
num_inconsistent_stats: 0.

CodeHeap 'non-profiled nmethods': size=120032Kb used=814Kb max_used=814Kb free=119217Kb
 bounds [0x00007ff635182000, 0x00007ff6353f2000, 0x00007ff63c6ba000]
CodeHeap 'profiled nmethods': size=120028Kb used=4599Kb max_used=4599Kb free=115428Kb
 bounds [0x00007ff62d6ba000, 0x00007ff62db3a000, 0x00007ff634bf1000]
CodeHeap 'non-nmethods': size=5700Kb used=1198Kb max_used=1246Kb free=4501Kb
 bounds [0x00007ff634bf1000, 0x00007ff634e61000, 0x00007ff635182000]
 total_blobs=2608 nmethods=2103 adapters=418
 compilation: enabled
              stopped_count=0, restarted_count=0
 full_count=0

Compilation events (20 events):
Event: 18132.614 Thread 0x00007ff6440b7c70 2091       4       java.lang.Long::hashCode (8 bytes)
Event: 18132.614 Thread 0x00007ff6440b7c70 nmethod 2091 0x00007ff63524af90 code [0x00007ff63524b100, 0x00007ff63524b198]
Event: 21524.397 Thread 0x00007ff6440b7c70 2092       4       java.lang.Long::valueOf (40 bytes)
Event: 21524.398 Thread 0x00007ff6440b7c70 nmethod 2092 0x00007ff63524b290 code [0x00007ff63524b420, 0x00007ff63524b578]
Event: 23455.432 Thread 0x00007ff6440b7c70 2093       4       java.lang.Long::stringSize (55 bytes)
Event: 23455.435 Thread 0x00007ff6440b7c70 nmethod 2093 0x00007ff63524b690 code [0x00007ff63524b800, 0x00007ff63524b9d8]
Event: 23465.436 Thread 0x00007ff6440b7c70 2094       4       java.lang.Long::getChars (208 bytes)
Event: 23465.441 Thread 0x00007ff6440b7c70 nmethod 2094 0x00007ff63524ba90 code [0x00007ff63524bc20, 0x00007ff63524bf98]
Event: 23503.792 Thread 0x00007ff6440b91b0 2096   !   3       com.google.gson.internal.bind.ReflectiveTypeAdapterFactory$Adapter::read (112 bytes)
Event: 23503.793 Thread 0x00007ff6440b91b0 nmethod 2096 0x00007ff62db2bd90 code [0x00007ff62db2c040, 0x00007ff62db2cee0]
Event: 23503.793 Thread 0x00007ff6440b91b0 2095   !   3       com.google.gson.internal.ConstructorConstructor$9::construct (103 bytes)
Event: 23503.795 Thread 0x00007ff6440b91b0 nmethod 2095 0x00007ff62db2d390 code [0x00007ff62db2d7c0, 0x00007ff62db2ef30]
Event: 23503.795 Thread 0x00007ff6440b91b0 2097       3       java.lang.Integer::toString (55 bytes)
Event: 23503.796 Thread 0x00007ff6440b91b0 nmethod 2097 0x00007ff62db2f910 code [0x00007ff62db2fae0, 0x00007ff62db2fe70]
Event: 23516.498 Thread 0x00007ff6440b7c70 2099       4       java.lang.invoke.VarHandle::checkExactAccessMode (28 bytes)
Event: 23516.499 Thread 0x00007ff6440b7c70 nmethod 2099 0x00007ff63524c710 code [0x00007ff63524c8a0, 0x00007ff63524c938]
Event: 23516.499 Thread 0x00007ff6440b7c70 2100       4       java.lang.invoke.VarForm::getMemberName (20 bytes)
Event: 23516.500 Thread 0x00007ff6440b7c70 nmethod 2100 0x00007ff63524ca10 code [0x00007ff63524cba0, 0x00007ff63524cc88]
Event: 23516.502 Thread 0x00007ff6440b91b0 2101       1       com.google.gson.stream.JsonReader::isLenient (5 bytes)
Event: 23516.502 Thread 0x00007ff6440b91b0 nmethod 2101 0x00007ff63524cd90 code [0x00007ff63524cf20, 0x00007ff63524cff0]

GC Heap History (8 events):
Event: 1.299 GC heap before
{Heap before GC invocations=0 (full 0):
 garbage-first heap   total 65536K, used 15340K [0x00000000fc000000, 0x0000000100000000)
  region size 1024K, 13 young (13312K), 0 survivors (0K)
 Metaspace       used 5149K, committed 5312K, reserved 1114112K
  class space    used 631K, committed 704K, reserved 1048576K
}
Event: 1.310 GC heap after
{Heap after GC invocations=1 (full 0):
 garbage-first heap   total 65536K, used 3952K [0x00000000fc000000, 0x0000000100000000)
  region size 1024K, 2 young (2048K), 2 survivors (2048K)
 Metaspace       used 5149K, committed 5312K, reserved 1114112K
  class space    used 631K, committed 704K, reserved 1048576K
}
Event: 199.635 GC heap before
{Heap before GC invocations=1 (full 0):
 garbage-first heap   total 65536K, used 23408K [0x00000000fc000000, 0x0000000100000000)
  region size 1024K, 21 young (21504K), 2 survivors (2048K)
 Metaspace       used 11120K, committed 11328K, reserved 1114112K
  class space    used 1353K, committed 1472K, reserved 1048576K
}
Event: 199.653 GC heap after
{Heap after GC invocations=2 (full 0):
 garbage-first heap   total 65536K, used 6196K [0x00000000fc000000, 0x0000000100000000)
  region size 1024K, 3 young (3072K), 3 survivors (3072K)
 Metaspace       used 11120K, committed 11328K, reserved 1114112K
  class space    used 1353K, committed 1472K, reserved 1048576K
}
Event: 5664.380 GC heap before
{Heap before GC invocations=2 (full 0):
 garbage-first heap   total 65536K, used 29748K [0x00000000fc000000, 0x0000000100000000)
  region size 1024K, 27 young (27648K), 3 survivors (3072K)
 Metaspace       used 13380K, committed 13568K, reserved 1114112K
  class space    used 1599K, committed 1664K, reserved 1048576K
}
Event: 5664.385 GC heap after
{Heap after GC invocations=3 (full 0):
 garbage-first heap   total 65536K, used 7349K [0x00000000fc000000, 0x0000000100000000)
  region size 1024K, 2 young (2048K), 2 survivors (2048K)
 Metaspace       used 13380K, committed 13568K, reserved 1114112K
  class space    used 1599K, committed 1664K, reserved 1048576K
}
Event: 19743.453 GC heap before
{Heap before GC invocations=3 (full 0):
 garbage-first heap   total 65536K, used 44213K [0x00000000fc000000, 0x0000000100000000)
  region size 1024K, 38 young (38912K), 2 survivors (2048K)
 Metaspace       used 13382K, committed 13568K, reserved 1114112K
  class space    used 1599K, committed 1664K, reserved 1048576K
}
Event: 19743.519 GC heap after
{Heap after GC invocations=4 (full 0):
 garbage-first heap   total 65536K, used 7417K [0x00000000fc000000, 0x0000000100000000)
  region size 1024K, 2 young (2048K), 2 survivors (2048K)
 Metaspace       used 13382K, committed 13568K, reserved 1114112K
  class space    used 1599K, committed 1664K, reserved 1048576K
}

Deoptimization events (20 events):
Event: 4730.646 Thread 0x00007ff5940d9100 Uncommon trap: trap_request=0xffffff45 fr.pc=0x00007ff635241ae4 relative=0x0000000000000264
Event: 4730.646 Thread 0x00007ff5940d8650 Uncommon trap: trap_request=0xffffff45 fr.pc=0x00007ff635241ae4 relative=0x0000000000000264
Event: 4730.646 Thread 0x00007ff5940d9100 Uncommon trap: reason=unstable_if action=reinterpret pc=0x00007ff635241ae4 method=org.jsoup.parser.CharacterReader.bufferUp()V @ 4 c2
Event: 4730.646 Thread 0x00007ff5940d8650 Uncommon trap: reason=unstable_if action=reinterpret pc=0x00007ff635241ae4 method=org.jsoup.parser.CharacterReader.bufferUp()V @ 4 c2
Event: 4730.646 Thread 0x00007ff5940d9100 DEOPT PACKING pc=0x00007ff635241ae4 sp=0x00007ff5d2efcc20
Event: 4730.646 Thread 0x00007ff5940d8650 DEOPT PACKING pc=0x00007ff635241ae4 sp=0x00007ff5d2ffdc20
Event: 4730.646 Thread 0x00007ff5940d8650 DEOPT UNPACKING pc=0x00007ff634c43099 sp=0x00007ff5d2ffdbc8 mode 2
Event: 4730.646 Thread 0x00007ff5940d9100 DEOPT UNPACKING pc=0x00007ff634c43099 sp=0x00007ff5d2efcbc8 mode 2
Event: 4730.766 Thread 0x00007ff5940d8650 Uncommon trap: trap_request=0xffffff45 fr.pc=0x00007ff635196854 relative=0x00000000000001b4
Event: 4730.766 Thread 0x00007ff5940d8650 Uncommon trap: reason=unstable_if action=reinterpret pc=0x00007ff635196854 method=java.lang.String.hashCode()I @ 42 c2
Event: 4730.766 Thread 0x00007ff5940d8650 DEOPT PACKING pc=0x00007ff635196854 sp=0x00007ff5d2ffcff0
Event: 4730.766 Thread 0x00007ff5940d8650 DEOPT UNPACKING pc=0x00007ff634c43099 sp=0x00007ff5d2ffcfa0 mode 2
Event: 4730.767 Thread 0x00007ff5940d8650 Uncommon trap: trap_request=0xffffff45 fr.pc=0x00007ff63518a298 relative=0x0000000000000078
Event: 4730.767 Thread 0x00007ff5940d8650 Uncommon trap: reason=unstable_if action=reinterpret pc=0x00007ff63518a298 method=java.lang.String.isLatin1()Z @ 10 c2
Event: 4730.767 Thread 0x00007ff5940d8650 DEOPT PACKING pc=0x00007ff63518a298 sp=0x00007ff5d2ffd020
Event: 4730.767 Thread 0x00007ff5940d8650 DEOPT UNPACKING pc=0x00007ff634c43099 sp=0x00007ff5d2ffcf80 mode 2
Event: 5401.498 Thread 0x00007ff5940392c0 Uncommon trap: trap_request=0xffffff45 fr.pc=0x00007ff6352197b8 relative=0x0000000000000a98
Event: 5401.498 Thread 0x00007ff5940392c0 Uncommon trap: reason=unstable_if action=reinterpret pc=0x00007ff6352197b8 method=com.google.gson.internal.bind.TypeAdapterRuntimeTypeWrapper.getRuntimeTypeIfMoreSpecific(Ljava/lang/reflect/Type;Ljava/lang/Object;)Ljava/lang/reflect/Type; @ 15 c2
Event: 5401.498 Thread 0x00007ff5940392c0 DEOPT PACKING pc=0x00007ff6352197b8 sp=0x00007ff62c158b60
Event: 5401.498 Thread 0x00007ff5940392c0 DEOPT UNPACKING pc=0x00007ff634c43099 sp=0x00007ff62c158b10 mode 2

Classes unloaded (0 events):
No events

Classes redefined (0 events):
No events

Internal exceptions (20 events):
Event: 0.445 Thread 0x00007ff644024110 Exception <a 'java/lang/NoSuchMethodError'{0x00000000ffb00ff8}: 'void java.lang.invoke.DirectMethodHandle$Holder.invokeSpecial(java.lang.Object, java.lang.Object, java.lang.Object)'> (0x00000000ffb00ff8) 
thrown [open/src/hotspot/share/interpreter/linkResolver.cpp, line 758]
Event: 0.660 Thread 0x00007ff644024110 Exception <a 'java/lang/NoSuchMethodError'{0x00000000ffa96cd8}: 'void java.lang.invoke.DirectMethodHandle$Holder.invokeStatic(java.lang.Object, java.lang.Object, java.lang.Object)'> (0x00000000ffa96cd8) 
thrown [open/src/hotspot/share/interpreter/linkResolver.cpp, line 758]
Event: 0.761 Thread 0x00007ff644024110 Exception <a 'java/lang/NoSuchMethodError'{0x00000000ff947688}: 'void java.lang.invoke.DirectMethodHandle$Holder.invokeStatic(java.lang.Object, java.lang.Object, java.lang.Object, java.lang.Object)'> (0x00000000ff947688) 
thrown [open/src/hotspot/share/interpreter/linkResolver.cpp, line 758]
Event: 1.048 Thread 0x00007ff644024110 Exception <a 'java/lang/NoSuchMethodError'{0x00000000ff545680}: 'java.lang.Object java.lang.invoke.DirectMethodHandle$Holder.newInvokeSpecial(java.lang.Object, java.lang.Object, java.lang.Object, java.lang.Object, java.lang.Object)'> (0x00000000ff545680) 
thrown [open/src/hotspot/share/interpreter/linkResolver.cpp, line 758]
Event: 1.050 Thread 0x00007ff644024110 Exception <a 'java/lang/NoSuchMethodError'{0x00000000ff54aef8}: 'java.lang.Object java.lang.invoke.DirectMethodHandle$Holder.invokeInterface(java.lang.Object, java.lang.Object)'> (0x00000000ff54aef8) 
thrown [open/src/hotspot/share/interpreter/linkResolver.cpp, line 758]
Event: 1.050 Thread 0x00007ff644024110 Exception <a 'java/lang/IncompatibleClassChangeError'{0x00000000ff54e6b0}: Found class java.lang.Object, but interface was expected> (0x00000000ff54e6b0) 
thrown [open/src/hotspot/share/interpreter/linkResolver.cpp, line 826]
Event: 1.224 Thread 0x00007ff6442077f0 Exception <a 'sun/nio/fs/UnixException'{0x00000000ff2fca08}> (0x00000000ff2fca08) 
thrown [open/src/hotspot/share/prims/jni.cpp, line 516]
Event: 1.235 Thread 0x00007ff6442077f0 Exception <a 'java/lang/NoSuchMethodError'{0x00000000ff112dd8}: 'java.lang.Object java.lang.invoke.DirectMethodHandle$Holder.invokeStaticInit(java.lang.Object)'> (0x00000000ff112dd8) 
thrown [open/src/hotspot/share/interpreter/linkResolver.cpp, line 758]
Event: 1.358 Thread 0x00007ff6442077f0 Exception <a 'java/lang/ClassNotFoundException'{0x00000000ffdf8210}: sun/util/logging/resources/spi/loggingProvider> (0x00000000ffdf8210) 
thrown [open/src/hotspot/share/classfile/systemDictionary.cpp, line 256]
Event: 1.406 Thread 0x00007ff6442077f0 Exception <a 'java/lang/NoSuchMethodError'{0x00000000ffccb6a8}: 'int java.lang.invoke.DirectMethodHandle$Holder.invokeSpecial(java.lang.Object, java.lang.Object, java.lang.Object)'> (0x00000000ffccb6a8) 
thrown [open/src/hotspot/share/interpreter/linkResolver.cpp, line 758]
Event: 1.539 Thread 0x00007ff5940dc600 Exception <a 'java/lang/NoSuchMethodError'{0x00000000ffaba030}: 'int java.lang.invoke.DirectMethodHandle$Holder.invokeStaticInit(java.lang.Object, java.lang.Object)'> (0x00000000ffaba030) 
thrown [open/src/hotspot/share/interpreter/linkResolver.cpp, line 758]
Event: 1.554 Thread 0x00007ff6442077f0 Exception <a 'sun/nio/fs/UnixException'{0x00000000ffa91a28}> (0x00000000ffa91a28) 
thrown [open/src/hotspot/share/prims/jni.cpp, line 516]
Event: 1.949 Thread 0x00007ff5940dc600 Implicit null exception at 0x00007ff6351b750f to 0x00007ff6351b7748
Event: 41.038 Thread 0x00007ff644157960 Exception <a 'java/lang/NoSuchMethodError'{0x00000000fe954928}: 'java.lang.Object java.lang.invoke.DirectMethodHandle$Holder.invokeStaticInit(java.lang.Object, java.lang.Object, long, java.lang.Object)'> (0x00000000fe954928) 
thrown [open/src/hotspot/share/interpreter/linkResolver.cpp, line 758]
Event: 41.039 Thread 0x00007ff644157960 Exception <a 'java/lang/NoSuchMethodError'{0x00000000fe95af70}: 'java.lang.Object java.lang.invoke.DirectMethodHandle$Holder.newInvokeSpecial(java.lang.Object, java.lang.Object, long)'> (0x00000000fe95af70) 
thrown [open/src/hotspot/share/interpreter/linkResolver.cpp, line 758]
Event: 41.040 Thread 0x00007ff644157960 Exception <a 'java/lang/NoSuchMethodError'{0x00000000fe95eae0}: 'java.lang.Object java.lang.invoke.Invokers$Holder.linkToTargetMethod(java.lang.Object, long, java.lang.Object)'> (0x00000000fe95eae0) 
thrown [open/src/hotspot/share/interpreter/linkResolver.cpp, line 758]
Event: 41.041 Thread 0x00007ff644157960 Exception <a 'java/lang/NoSuchMethodError'{0x00000000fe965b18}: 'java.lang.Object java.lang.invoke.DirectMethodHandle$Holder.newInvokeSpecial(java.lang.Object, java.lang.Object, java.lang.Object, int)'> (0x00000000fe965b18) 
thrown [open/src/hotspot/share/interpreter/linkResolver.cpp, line 758]
Event: 41.042 Thread 0x00007ff644157960 Exception <a 'java/lang/NoSuchMethodError'{0x00000000fe969ef8}: 'java.lang.Object java.lang.invoke.DirectMethodHandle$Holder.invokeSpecial(java.lang.Object, java.lang.Object, java.lang.Object, java.lang.Object, int)'> (0x00000000fe969ef8) 
thrown [open/src/hotspot/share/interpreter/linkResolver.cpp, line 758]
Event: 41.042 Thread 0x00007ff644157960 Exception <a 'java/lang/NoSuchMethodError'{0x00000000fe96dac0}: 'java.lang.Object java.lang.invoke.Invokers$Holder.linkToTargetMethod(java.lang.Object, java.lang.Object, int, java.lang.Object)'> (0x00000000fe96dac0) 
thrown [open/src/hotspot/share/interpreter/linkResolver.cpp, line 758]
Event: 199.654 Thread 0x00007ff5940e1fe0 Exception <a 'java/lang/NoSuchMethodError'{0x00000000ffd01168}: 'java.lang.Object java.lang.invoke.DirectMethodHandle$Holder.invokeStatic(java.lang.Object, int, java.lang.Object)'> (0x00000000ffd01168) 
thrown [open/src/hotspot/share/interpreter/linkResolver.cpp, line 758]

VM Operations (20 events):
Event: 22948.378 Executing VM operation: HandshakeAllThreads
Event: 22948.378 Executing VM operation: HandshakeAllThreads done
Event: 23008.439 Executing VM operation: HandshakeAllThreads
Event: 23008.439 Executing VM operation: HandshakeAllThreads done
Event: 23068.478 Executing VM operation: HandshakeAllThreads
Event: 23068.478 Executing VM operation: HandshakeAllThreads done
Event: 23128.526 Executing VM operation: HandshakeAllThreads
Event: 23128.527 Executing VM operation: HandshakeAllThreads done
Event: 23188.591 Executing VM operation: HandshakeAllThreads
Event: 23188.591 Executing VM operation: HandshakeAllThreads done
Event: 23248.641 Executing VM operation: HandshakeAllThreads
Event: 23248.642 Executing VM operation: HandshakeAllThreads done
Event: 23308.745 Executing VM operation: HandshakeAllThreads
Event: 23308.745 Executing VM operation: HandshakeAllThreads done
Event: 23368.889 Executing VM operation: HandshakeAllThreads
Event: 23368.889 Executing VM operation: HandshakeAllThreads done
Event: 23428.899 Executing VM operation: HandshakeAllThreads
Event: 23428.899 Executing VM operation: HandshakeAllThreads done
Event: 23489.055 Executing VM operation: HandshakeAllThreads
Event: 23489.055 Executing VM operation: HandshakeAllThreads done

Events (20 events):
Event: 4730.548 loading class java/nio/charset/IllegalCharsetNameException
Event: 4730.548 loading class java/nio/charset/IllegalCharsetNameException done
Event: 4730.548 loading class java/util/zip/GZIPInputStream
Event: 4730.548 loading class java/util/zip/GZIPInputStream done
Event: 4730.548 Thread 0x00007ff5ac899990 Thread exited: 0x00007ff5ac899990
Event: 4730.553 Thread 0x00007ff5ac3089f0 Thread added: 0x00007ff5ac3089f0
Event: 4730.554 Protecting memory [0x00007ff5d2cfe000,0x00007ff5d2d02000] with protection modes 0
Event: 4730.575 loading class java/util/DualPivotQuicksort
Event: 4730.575 loading class java/util/DualPivotQuicksort done
Event: 4730.669 loading class java/net/MalformedURLException
Event: 4730.669 loading class java/net/MalformedURLException done
Event: 4730.677 loading class java/util/concurrent/locks/AbstractQueuedSynchronizer$ExclusiveNode
Event: 4730.678 loading class java/util/concurrent/locks/AbstractQueuedSynchronizer$ExclusiveNode done
Event: 4730.779 Thread 0x00007ff5ac3089f0 Thread exited: 0x00007ff5ac3089f0
Event: 4790.788 Thread 0x00007ff5940d9100 Thread exited: 0x00007ff5940d9100
Event: 4850.788 Thread 0x00007ff5940d8650 Thread exited: 0x00007ff5940d8650
Event: 23503.795 Thread 0x00007ff5940d9100 Thread added: 0x00007ff5940d9100
Event: 23503.795 Protecting memory [0x00007ff5d2f00000,0x00007ff5d2f04000] with protection modes 0
Event: 23503.796 Thread 0x00007ff57c00df30 Thread added: 0x00007ff57c00df30
Event: 23503.796 Protecting memory [0x00007ff5d2dff000,0x00007ff5d2e03000] with protection modes 0


Dynamic libraries:
fc000000-ffe00000 rw-p 00000000 00:00 0 
ffe00000-ffe77000 rw-p 00cab000 08:20 22570                              /home/trymad/.sdkman/candidates/java/17.0.11-oracle/lib/server/classes.jsa
ffe77000-fff00000 rw-p 00000000 00:00 0 
fff00000-fff84000 rw-p 00c27000 08:20 22570                              /home/trymad/.sdkman/candidates/java/17.0.11-oracle/lib/server/classes.jsa
fff84000-100000000 rw-p 00000000 00:00 0 
55c650082000-55c650083000 r-xp 00000000 08:20 22522                      /home/trymad/.sdkman/candidates/java/17.0.11-oracle/bin/java
55c650084000-55c650085000 r--p 00001000 08:20 22522                      /home/trymad/.sdkman/candidates/java/17.0.11-oracle/bin/java
55c650085000-55c650086000 rw-p 00002000 08:20 22522                      /home/trymad/.sdkman/candidates/java/17.0.11-oracle/bin/java
55c66a604000-55c66a625000 rw-p 00000000 00:00 0                          [heap]
7ff574000000-7ff5748ee000 rw-p 00000000 00:00 0 
7ff5748ee000-7ff578000000 ---p 00000000 00:00 0 
7ff578000000-7ff578920000 rw-p 00000000 00:00 0 
7ff578920000-7ff57c000000 ---p 00000000 00:00 0 
7ff57c000000-7ff57c125000 rw-p 00000000 00:00 0 
7ff57c125000-7ff580000000 ---p 00000000 00:00 0 
7ff580000000-7ff5800a7000 rw-p 00000000 00:00 0 
7ff5800a7000-7ff584000000 ---p 00000000 00:00 0 
7ff584000000-7ff584464000 rw-p 00000000 00:00 0 
7ff584464000-7ff588000000 ---p 00000000 00:00 0 
7ff588000000-7ff588021000 rw-p 00000000 00:00 0 
7ff588021000-7ff58c000000 ---p 00000000 00:00 0 
7ff58c000000-7ff58c021000 rw-p 00000000 00:00 0 
7ff58c021000-7ff590000000 ---p 00000000 00:00 0 
7ff590000000-7ff590021000 rw-p 00000000 00:00 0 
7ff590021000-7ff594000000 ---p 00000000 00:00 0 
7ff594000000-7ff5940e5000 rw-p 00000000 00:00 0 
7ff5940e5000-7ff598000000 ---p 00000000 00:00 0 
7ff598000000-7ff598021000 rw-p 00000000 00:00 0 
7ff598021000-7ff59c000000 ---p 00000000 00:00 0 
7ff59c000000-7ff59c021000 rw-p 00000000 00:00 0 
7ff59c021000-7ff5a0000000 ---p 00000000 00:00 0 
7ff5a0000000-7ff5a0046000 rw-p 00000000 00:00 0 
7ff5a0046000-7ff5a4000000 ---p 00000000 00:00 0 
7ff5a4000000-7ff5a4021000 rw-p 00000000 00:00 0 
7ff5a4021000-7ff5a8000000 ---p 00000000 00:00 0 
7ff5a8000000-7ff5a8021000 rw-p 00000000 00:00 0 
7ff5a8021000-7ff5ac000000 ---p 00000000 00:00 0 
7ff5ac000000-7ff5ac8a3000 rw-p 00000000 00:00 0 
7ff5ac8a3000-7ff5b0000000 ---p 00000000 00:00 0 
7ff5b0000000-7ff5b0021000 rw-p 00000000 00:00 0 
7ff5b0021000-7ff5b4000000 ---p 00000000 00:00 0 
7ff5b4000000-7ff5b4021000 rw-p 00000000 00:00 0 
7ff5b4021000-7ff5b8000000 ---p 00000000 00:00 0 
7ff5b8000000-7ff5b8e7d000 rw-p 00000000 00:00 0 
7ff5b8e7d000-7ff5bc000000 ---p 00000000 00:00 0 
7ff5bc000000-7ff5bc021000 rw-p 00000000 00:00 0 
7ff5bc021000-7ff5c0000000 ---p 00000000 00:00 0 
7ff5c0000000-7ff5c0021000 rw-p 00000000 00:00 0 
7ff5c0021000-7ff5c4000000 ---p 00000000 00:00 0 
7ff5c4000000-7ff5c4021000 rw-p 00000000 00:00 0 
7ff5c4021000-7ff5c8000000 ---p 00000000 00:00 0 
7ff5c8000000-7ff5c8021000 rw-p 00000000 00:00 0 
7ff5c8021000-7ff5cc000000 ---p 00000000 00:00 0 
7ff5cc000000-7ff5cc021000 rw-p 00000000 00:00 0 
7ff5cc021000-7ff5d0000000 ---p 00000000 00:00 0 
7ff5d294c000-7ff5d2cfd000 rw-p 00000000 00:00 0 
7ff5d2cfd000-7ff5d2cfe000 ---p 00000000 00:00 0 
7ff5d2cfe000-7ff5d2d02000 ---p 00000000 00:00 0 
7ff5d2d02000-7ff5d2dfe000 rw-p 00000000 00:00 0 
7ff5d2dfe000-7ff5d2dff000 ---p 00000000 00:00 0 
7ff5d2dff000-7ff5d2e03000 ---p 00000000 00:00 0 
7ff5d2e03000-7ff5d2eff000 rw-p 00000000 00:00 0 
7ff5d2eff000-7ff5d2f00000 ---p 00000000 00:00 0 
7ff5d2f00000-7ff5d2f04000 ---p 00000000 00:00 0 
7ff5d2f04000-7ff5d33d0000 rw-p 00000000 00:00 0 
7ff5d33d0000-7ff5d3400000 ---p 00000000 00:00 0 
7ff5d3400000-7ff5d3bd0000 rw-p 00000000 00:00 0 
7ff5d3bd0000-7ff5d7000000 ---p 00000000 00:00 0 
7ff5d7000000-7ff5d7bee000 rw-p 00001000 08:20 22570                      /home/trymad/.sdkman/candidates/java/17.0.11-oracle/lib/server/classes.jsa
7ff5d7bee000-7ff5d8000000 ---p 00000000 00:00 0 
7ff5d8000000-7ff5d8040000 rw-p 00000000 00:00 0 
7ff5d8040000-7ff5d8080000 rw-p 00000000 00:00 0 
7ff5d8080000-7ff5d80f0000 rw-p 00000000 00:00 0 
7ff5d80f0000-7ff5d8100000 ---p 00000000 00:00 0 
7ff5d8100000-7ff5d81b0000 rw-p 00000000 00:00 0 
7ff5d81b0000-7ff618000000 ---p 00000000 00:00 0 
7ff618000000-7ff618021000 rw-p 00000000 00:00 0 
7ff618021000-7ff61c000000 ---p 00000000 00:00 0 
7ff61c000000-7ff61c021000 rw-p 00000000 00:00 0 
7ff61c021000-7ff620000000 ---p 00000000 00:00 0 
7ff620000000-7ff620021000 rw-p 00000000 00:00 0 
7ff620021000-7ff624000000 ---p 00000000 00:00 0 
7ff624000000-7ff624021000 rw-p 00000000 00:00 0 
7ff624021000-7ff628000000 ---p 00000000 00:00 0 
7ff628000000-7ff628021000 rw-p 00000000 00:00 0 
7ff628021000-7ff62c000000 ---p 00000000 00:00 0 
7ff62c037000-7ff62c038000 ---p 00000000 00:00 0 
7ff62c038000-7ff62c03c000 ---p 00000000 00:00 0 
7ff62c03c000-7ff62c05a000 rw-p 00000000 00:00 0 
7ff62c05a000-7ff62c05b000 ---p 00000000 00:00 0 
7ff62c05b000-7ff62c05f000 ---p 00000000 00:00 0 
7ff62c05f000-7ff62c15b000 rw-p 00000000 00:00 0 
7ff62c15b000-7ff62c15c000 ---p 00000000 00:00 0 
7ff62c15c000-7ff62c160000 ---p 00000000 00:00 0 
7ff62c160000-7ff62c25c000 rw-p 00000000 00:00 0 
7ff62c25c000-7ff62c25d000 ---p 00000000 00:00 0 
7ff62c25d000-7ff62c35d000 rw-p 00000000 00:00 0 
7ff62c35d000-7ff62c35e000 ---p 00000000 00:00 0 
7ff62c35e000-7ff62c45e000 rw-p 00000000 00:00 0 
7ff62c45e000-7ff62c45f000 ---p 00000000 00:00 0 
7ff62c45f000-7ff62c55f000 rw-p 00000000 00:00 0 
7ff62c55f000-7ff62c560000 ---p 00000000 00:00 0 
7ff62c560000-7ff62c564000 ---p 00000000 00:00 0 
7ff62c564000-7ff62c660000 rw-p 00000000 00:00 0 
7ff62c660000-7ff62c661000 ---p 00000000 00:00 0 
7ff62c661000-7ff62c665000 ---p 00000000 00:00 0 
7ff62c665000-7ff62c792000 rw-p 00000000 00:00 0 
7ff62c792000-7ff62c7a7000 r-xp 00000000 08:20 22566                      /home/trymad/.sdkman/candidates/java/17.0.11-oracle/lib/libnet.so
7ff62c7a7000-7ff62c7a8000 ---p 00015000 08:20 22566                      /home/trymad/.sdkman/candidates/java/17.0.11-oracle/lib/libnet.so
7ff62c7a8000-7ff62c7a9000 r--p 00015000 08:20 22566                      /home/trymad/.sdkman/candidates/java/17.0.11-oracle/lib/libnet.so
7ff62c7a9000-7ff62c7aa000 rw-p 00016000 08:20 22566                      /home/trymad/.sdkman/candidates/java/17.0.11-oracle/lib/libnet.so
7ff62c7aa000-7ff62c7ab000 ---p 00000000 00:00 0 
7ff62c7ab000-7ff62c7af000 ---p 00000000 00:00 0 
7ff62c7af000-7ff62c8ab000 rw-p 00000000 00:00 0 
7ff62c8ab000-7ff62c8ac000 ---p 00000000 00:00 0 
7ff62c8ac000-7ff62c9ac000 rw-p 00000000 00:00 0 
7ff62c9ac000-7ff62c9ad000 ---p 00000000 00:00 0 
7ff62c9ad000-7ff62c9b1000 ---p 00000000 00:00 0 
7ff62c9b1000-7ff62caad000 rw-p 00000000 00:00 0 
7ff62caad000-7ff62caae000 ---p 00000000 00:00 0 
7ff62caae000-7ff62cab2000 ---p 00000000 00:00 0 
7ff62cab2000-7ff62cbae000 rw-p 00000000 00:00 0 
7ff62cbae000-7ff62cbaf000 ---p 00000000 00:00 0 
7ff62cbaf000-7ff62cbb3000 ---p 00000000 00:00 0 
7ff62cbb3000-7ff62ccaf000 rw-p 00000000 00:00 0 
7ff62ccaf000-7ff62ccb0000 ---p 00000000 00:00 0 
7ff62ccb0000-7ff62ccb4000 ---p 00000000 00:00 0 
7ff62ccb4000-7ff62cdb0000 rw-p 00000000 00:00 0 
7ff62cdb0000-7ff62cdb1000 ---p 00000000 00:00 0 
7ff62cdb1000-7ff62cdb5000 ---p 00000000 00:00 0 
7ff62cdb5000-7ff62ceb1000 rw-p 00000000 00:00 0 
7ff62ceb1000-7ff62ceb2000 ---p 00000000 00:00 0 
7ff62ceb2000-7ff62ceb6000 ---p 00000000 00:00 0 
7ff62ceb6000-7ff62cfb2000 rw-p 00000000 00:00 0 
7ff62cfb2000-7ff62cfb3000 ---p 00000000 00:00 0 
7ff62cfb3000-7ff62cfb7000 ---p 00000000 00:00 0 
7ff62cfb7000-7ff62d0b3000 rw-p 00000000 00:00 0 
7ff62d0b3000-7ff62d10a000 r--p 00000000 08:20 44852                      /usr/lib/locale/C.utf8/LC_CTYPE
7ff62d10a000-7ff62d10b000 ---p 00000000 00:00 0 
7ff62d10b000-7ff62d10f000 ---p 00000000 00:00 0 
7ff62d10f000-7ff62d20b000 rw-p 00000000 00:00 0 
7ff62d20b000-7ff62d20c000 ---p 00000000 00:00 0 
7ff62d20c000-7ff62d210000 ---p 00000000 00:00 0 
7ff62d210000-7ff62d30c000 rw-p 00000000 00:00 0 
7ff62d30c000-7ff62d30d000 ---p 00000000 00:00 0 
7ff62d30d000-7ff62d40d000 rw-p 00000000 00:00 0 
7ff62d40d000-7ff62d4db000 r-xp 00000000 08:20 22585                      /home/trymad/.sdkman/candidates/java/17.0.11-oracle/lib/libjsvml.so
7ff62d4db000-7ff62d4dc000 r--p 000cd000 08:20 22585                      /home/trymad/.sdkman/candidates/java/17.0.11-oracle/lib/libjsvml.so
7ff62d4dc000-7ff62d4dd000 rw-p 000ce000 08:20 22585                      /home/trymad/.sdkman/candidates/java/17.0.11-oracle/lib/libjsvml.so
7ff62d4dd000-7ff62d5b9000 rw-p 00000000 00:00 0 
7ff62d5b9000-7ff62d5ba000 ---p 00000000 00:00 0 
7ff62d5ba000-7ff62d6ba000 rw-p 00000000 00:00 0 
7ff62d6ba000-7ff62db3a000 rwxp 00000000 00:00 0 
7ff62db3a000-7ff634bf1000 ---p 00000000 00:00 0 
7ff634bf1000-7ff634e61000 rwxp 00000000 00:00 0 
7ff634e61000-7ff635182000 ---p 00000000 00:00 0 
7ff635182000-7ff6353f2000 rwxp 00000000 00:00 0 
7ff6353f2000-7ff63c6ba000 ---p 00000000 00:00 0 
7ff63c6ba000-7ff644000000 r--s 00000000 08:20 22580                      /home/trymad/.sdkman/candidates/java/17.0.11-oracle/lib/modules
7ff644000000-7ff644210000 rw-p 00000000 00:00 0 
7ff644210000-7ff648000000 ---p 00000000 00:00 0 
7ff64800d000-7ff64804e000 rw-p 00000000 00:00 0 
7ff648055000-7ff64805c000 r-xp 00000000 08:20 22550                      /home/trymad/.sdkman/candidates/java/17.0.11-oracle/lib/libzip.so
7ff64805c000-7ff64805d000 ---p 00007000 08:20 22550                      /home/trymad/.sdkman/candidates/java/17.0.11-oracle/lib/libzip.so
7ff64805d000-7ff64805e000 r--p 00007000 08:20 22550                      /home/trymad/.sdkman/candidates/java/17.0.11-oracle/lib/libzip.so
7ff64805e000-7ff64805f000 rw-p 00008000 08:20 22550                      /home/trymad/.sdkman/candidates/java/17.0.11-oracle/lib/libzip.so
7ff64805f000-7ff648072000 r-xp 00000000 08:20 22575                      /home/trymad/.sdkman/candidates/java/17.0.11-oracle/lib/libnio.so
7ff648072000-7ff648073000 r--p 00012000 08:20 22575                      /home/trymad/.sdkman/candidates/java/17.0.11-oracle/lib/libnio.so
7ff648073000-7ff648074000 rw-p 00013000 08:20 22575                      /home/trymad/.sdkman/candidates/java/17.0.11-oracle/lib/libnio.so
7ff648074000-7ff648075000 r--p 00000000 08:20 44860                      /usr/lib/locale/C.utf8/LC_NUMERIC
7ff648075000-7ff648076000 r--p 00000000 08:20 44863                      /usr/lib/locale/C.utf8/LC_TIME
7ff648076000-7ff648077000 r--p 00000000 08:20 44847                      /usr/lib/locale/C.utf8/LC_COLLATE
7ff648077000-7ff648078000 r--p 00000000 08:20 44858                      /usr/lib/locale/C.utf8/LC_MONETARY
7ff648078000-7ff648079000 r--p 00000000 08:20 44857                      /usr/lib/locale/C.utf8/LC_MESSAGES/SYS_LC_MESSAGES
7ff648079000-7ff64807a000 r--p 00000000 08:20 44861                      /usr/lib/locale/C.utf8/LC_PAPER
7ff64807a000-7ff64807b000 r--p 00000000 08:20 44859                      /usr/lib/locale/C.utf8/LC_NAME
7ff64807b000-7ff64807c000 r--p 00000000 08:20 44837                      /usr/lib/locale/C.utf8/LC_ADDRESS
7ff64807c000-7ff64807d000 r--p 00000000 08:20 44862                      /usr/lib/locale/C.utf8/LC_TELEPHONE
7ff64807d000-7ff64807e000 r--p 00000000 08:20 44856                      /usr/lib/locale/C.utf8/LC_MEASUREMENT
7ff64807e000-7ff648085000 r--s 00000000 08:20 41545                      /usr/lib/x86_64-linux-gnu/gconv/gconv-modules.cache
7ff648085000-7ff648086000 r--p 00000000 08:20 44854                      /usr/lib/locale/C.utf8/LC_IDENTIFICATION
7ff648086000-7ff648087000 ---p 00000000 00:00 0 
7ff648087000-7ff64a58b000 rw-p 00000000 00:00 0 
7ff64a58b000-7ff64a58c000 ---p 00000000 00:00 0 
7ff64a58c000-7ff64a68c000 rw-p 00000000 00:00 0 
7ff64a68c000-7ff64a68d000 ---p 00000000 00:00 0 
7ff64a68d000-7ff64a78d000 rw-p 00000000 00:00 0 
7ff64a78d000-7ff64a78e000 ---p 00000000 00:00 0 
7ff64a78e000-7ff64aaae000 rw-p 00000000 00:00 0 
7ff64aaae000-7ff64aef7000 rw-p 00000000 00:00 0 
7ff64aef7000-7ff64afdd000 ---p 00000000 00:00 0 
7ff64afdd000-7ff64afe6000 rw-p 00000000 00:00 0 
7ff64afe6000-7ff64b0c8000 ---p 00000000 00:00 0 
7ff64b0c8000-7ff64b0cd000 rw-p 00000000 00:00 0 
7ff64b0cd000-7ff64b0d4000 ---p 00000000 00:00 0 
7ff64b0d4000-7ff64b0f8000 r-xp 00000000 08:20 22567                      /home/trymad/.sdkman/candidates/java/17.0.11-oracle/lib/libjava.so
7ff64b0f8000-7ff64b0f9000 ---p 00024000 08:20 22567                      /home/trymad/.sdkman/candidates/java/17.0.11-oracle/lib/libjava.so
7ff64b0f9000-7ff64b0fa000 r--p 00024000 08:20 22567                      /home/trymad/.sdkman/candidates/java/17.0.11-oracle/lib/libjava.so
7ff64b0fa000-7ff64b0fb000 rw-p 00025000 08:20 22567                      /home/trymad/.sdkman/candidates/java/17.0.11-oracle/lib/libjava.so
7ff64b0fb000-7ff64b0fc000 rw-p 00000000 00:00 0 
7ff64b0fc000-7ff64b104000 rw-s 00000000 08:20 61578                      /tmp/hsperfdata_trymad/29972
7ff64b104000-7ff64b11f000 r-xp 00000000 08:20 22547                      /home/trymad/.sdkman/candidates/java/17.0.11-oracle/lib/libjimage.so
7ff64b11f000-7ff64b120000 ---p 0001b000 08:20 22547                      /home/trymad/.sdkman/candidates/java/17.0.11-oracle/lib/libjimage.so
7ff64b120000-7ff64b122000 r--p 0001b000 08:20 22547                      /home/trymad/.sdkman/candidates/java/17.0.11-oracle/lib/libjimage.so
7ff64b122000-7ff64b123000 rw-p 0001d000 08:20 22547                      /home/trymad/.sdkman/candidates/java/17.0.11-oracle/lib/libjimage.so
7ff64b123000-7ff64b127000 ---p 00000000 00:00 0 
7ff64b127000-7ff64b223000 rw-p 00000000 00:00 0 
7ff64b223000-7ff64b231000 r--p 00000000 08:20 41271                      /usr/lib/x86_64-linux-gnu/libm.so.6
7ff64b231000-7ff64b2ad000 r-xp 0000e000 08:20 41271                      /usr/lib/x86_64-linux-gnu/libm.so.6
7ff64b2ad000-7ff64b308000 r--p 0008a000 08:20 41271                      /usr/lib/x86_64-linux-gnu/libm.so.6
7ff64b308000-7ff64b309000 r--p 000e4000 08:20 41271                      /usr/lib/x86_64-linux-gnu/libm.so.6
7ff64b309000-7ff64b30a000 rw-p 000e5000 08:20 41271                      /usr/lib/x86_64-linux-gnu/libm.so.6
7ff64b30a000-7ff64b30b000 r--p 00000000 08:20 41282                      /usr/lib/x86_64-linux-gnu/librt.so.1
7ff64b30b000-7ff64b30c000 r-xp 00001000 08:20 41282                      /usr/lib/x86_64-linux-gnu/librt.so.1
7ff64b30c000-7ff64b30d000 r--p 00002000 08:20 41282                      /usr/lib/x86_64-linux-gnu/librt.so.1
7ff64b30d000-7ff64b30e000 r--p 00002000 08:20 41282                      /usr/lib/x86_64-linux-gnu/librt.so.1
7ff64b30e000-7ff64b30f000 rw-p 00003000 08:20 41282                      /usr/lib/x86_64-linux-gnu/librt.so.1
7ff64b30f000-7ff64c457000 r-xp 00000000 08:20 22572                      /home/trymad/.sdkman/candidates/java/17.0.11-oracle/lib/server/libjvm.so
7ff64c457000-7ff64c50d000 r--p 01147000 08:20 22572                      /home/trymad/.sdkman/candidates/java/17.0.11-oracle/lib/server/libjvm.so
7ff64c50d000-7ff64c540000 rw-p 011fd000 08:20 22572                      /home/trymad/.sdkman/candidates/java/17.0.11-oracle/lib/server/libjvm.so
7ff64c540000-7ff64c59e000 rw-p 00000000 00:00 0 
7ff64c59e000-7ff64c5c6000 r--p 00000000 08:20 9136                       /usr/lib/x86_64-linux-gnu/libc.so.6
7ff64c5c6000-7ff64c75b000 r-xp 00028000 08:20 9136                       /usr/lib/x86_64-linux-gnu/libc.so.6
7ff64c75b000-7ff64c7b3000 r--p 001bd000 08:20 9136                       /usr/lib/x86_64-linux-gnu/libc.so.6
7ff64c7b3000-7ff64c7b4000 ---p 00215000 08:20 9136                       /usr/lib/x86_64-linux-gnu/libc.so.6
7ff64c7b4000-7ff64c7b8000 r--p 00215000 08:20 9136                       /usr/lib/x86_64-linux-gnu/libc.so.6
7ff64c7b8000-7ff64c7ba000 rw-p 00219000 08:20 9136                       /usr/lib/x86_64-linux-gnu/libc.so.6
7ff64c7ba000-7ff64c7c7000 rw-p 00000000 00:00 0 
7ff64c7c7000-7ff64c7c8000 r--p 00000000 08:20 41270                      /usr/lib/x86_64-linux-gnu/libdl.so.2
7ff64c7c8000-7ff64c7c9000 r-xp 00001000 08:20 41270                      /usr/lib/x86_64-linux-gnu/libdl.so.2
7ff64c7c9000-7ff64c7ca000 r--p 00002000 08:20 41270                      /usr/lib/x86_64-linux-gnu/libdl.so.2
7ff64c7ca000-7ff64c7cb000 r--p 00002000 08:20 41270                      /usr/lib/x86_64-linux-gnu/libdl.so.2
7ff64c7cb000-7ff64c7cc000 rw-p 00003000 08:20 41270                      /usr/lib/x86_64-linux-gnu/libdl.so.2
7ff64c7cc000-7ff64c7cd000 r--p 00000000 08:20 41280                      /usr/lib/x86_64-linux-gnu/libpthread.so.0
7ff64c7cd000-7ff64c7ce000 r-xp 00001000 08:20 41280                      /usr/lib/x86_64-linux-gnu/libpthread.so.0
7ff64c7ce000-7ff64c7cf000 r--p 00002000 08:20 41280                      /usr/lib/x86_64-linux-gnu/libpthread.so.0
7ff64c7cf000-7ff64c7d0000 r--p 00002000 08:20 41280                      /usr/lib/x86_64-linux-gnu/libpthread.so.0
7ff64c7d0000-7ff64c7d1000 rw-p 00003000 08:20 41280                      /usr/lib/x86_64-linux-gnu/libpthread.so.0
7ff64c7d1000-7ff64c7df000 r-xp 00000000 08:20 22545                      /home/trymad/.sdkman/candidates/java/17.0.11-oracle/lib/libjli.so
7ff64c7df000-7ff64c7e0000 ---p 0000e000 08:20 22545                      /home/trymad/.sdkman/candidates/java/17.0.11-oracle/lib/libjli.so
7ff64c7e0000-7ff64c7e1000 r--p 0000e000 08:20 22545                      /home/trymad/.sdkman/candidates/java/17.0.11-oracle/lib/libjli.so
7ff64c7e1000-7ff64c7e2000 rw-p 0000f000 08:20 22545                      /home/trymad/.sdkman/candidates/java/17.0.11-oracle/lib/libjli.so
7ff64c7e2000-7ff64c7e4000 r--p 00000000 08:20 28460                      /usr/lib/x86_64-linux-gnu/libz.so.1.2.11
7ff64c7e4000-7ff64c7f5000 r-xp 00002000 08:20 28460                      /usr/lib/x86_64-linux-gnu/libz.so.1.2.11
7ff64c7f5000-7ff64c7fb000 r--p 00013000 08:20 28460                      /usr/lib/x86_64-linux-gnu/libz.so.1.2.11
7ff64c7fb000-7ff64c7fc000 ---p 00019000 08:20 28460                      /usr/lib/x86_64-linux-gnu/libz.so.1.2.11
7ff64c7fc000-7ff64c7fd000 r--p 00019000 08:20 28460                      /usr/lib/x86_64-linux-gnu/libz.so.1.2.11
7ff64c7fd000-7ff64c7fe000 rw-p 0001a000 08:20 28460                      /usr/lib/x86_64-linux-gnu/libz.so.1.2.11
7ff64c7fe000-7ff64c801000 rw-p 00000000 00:00 0 
7ff64c801000-7ff64c802000 ---p 00000000 00:00 0 
7ff64c802000-7ff64c803000 r--p 00000000 00:00 0 
7ff64c803000-7ff64c805000 rw-p 00000000 00:00 0 
7ff64c805000-7ff64c807000 r--p 00000000 08:20 785                        /usr/lib/x86_64-linux-gnu/ld-linux-x86-64.so.2
7ff64c807000-7ff64c831000 r-xp 00002000 08:20 785                        /usr/lib/x86_64-linux-gnu/ld-linux-x86-64.so.2
7ff64c831000-7ff64c83c000 r--p 0002c000 08:20 785                        /usr/lib/x86_64-linux-gnu/ld-linux-x86-64.so.2
7ff64c83c000-7ff64c83d000 ---p 00000000 00:00 0 
7ff64c83d000-7ff64c83f000 r--p 00037000 08:20 785                        /usr/lib/x86_64-linux-gnu/ld-linux-x86-64.so.2
7ff64c83f000-7ff64c841000 rw-p 00039000 08:20 785                        /usr/lib/x86_64-linux-gnu/ld-linux-x86-64.so.2
7ffd53a54000-7ffd53a76000 rw-p 00000000 00:00 0                          [stack]
7ffd53b50000-7ffd53b54000 r--p 00000000 00:00 0                          [vvar]
7ffd53b54000-7ffd53b56000 r-xp 00000000 00:00 0                          [vdso]


VM Arguments:
jvm_args: -XX:+ExitOnOutOfMemoryError -XX:+HeapDumpOnOutOfMemoryError -XX:HeapDumpPath=/home/trymad/.vscode-server/data/User/globalStorage/redhat.vscode-xml -Xmx64M 
java_command: org.eclipse.lemminx.XMLServerLauncher
java_class_path (initial): /home/trymad/.vscode-server/extensions/redhat.vscode-xml-0.27.2-linux-x64/server/org.eclipse.lemminx-0.29.0-uber.jar
Launcher Type: SUN_STANDARD

[Global flags]
     intx CICompilerCount                          = 3                                         {product} {ergonomic}
     uint ConcGCThreads                            = 1                                         {product} {ergonomic}
     bool ExitOnOutOfMemoryError                   = true                                      {product} {command line}
     uint G1ConcRefinementThreads                  = 4                                         {product} {ergonomic}
   size_t G1HeapRegionSize                         = 1048576                                   {product} {ergonomic}
    uintx GCDrainStackTargetSize                   = 64                                        {product} {ergonomic}
     bool HeapDumpOnOutOfMemoryError               = true                                   {manageable} {command line}
    ccstr HeapDumpPath                             = /home/trymad/.vscode-server/data/User/globalStorage/redhat.vscode-xml         {manageable} {command line}
   size_t InitialHeapSize                          = 67108864                                  {product} {ergonomic}
   size_t MarkStackSize                            = 4194304                                   {product} {ergonomic}
   size_t MaxHeapSize                              = 67108864                                  {product} {command line}
   size_t MaxNewSize                               = 39845888                                  {product} {ergonomic}
   size_t MinHeapDeltaBytes                        = 1048576                                   {product} {ergonomic}
   size_t MinHeapSize                              = 8388608                                   {product} {ergonomic}
    uintx NonNMethodCodeHeapSize                   = 5832780                                {pd product} {ergonomic}
    uintx NonProfiledCodeHeapSize                  = 122912730                              {pd product} {ergonomic}
    uintx ProfiledCodeHeapSize                     = 122912730                              {pd product} {ergonomic}
    uintx ReservedCodeCacheSize                    = 251658240                              {pd product} {ergonomic}
     bool SegmentedCodeCache                       = true                                      {product} {ergonomic}
   size_t SoftMaxHeapSize                          = 67108864                               {manageable} {ergonomic}
     bool UseCompressedClassPointers               = true                           {product lp64_product} {ergonomic}
     bool UseCompressedOops                        = true                           {product lp64_product} {ergonomic}
     bool UseG1GC                                  = true                                      {product} {ergonomic}

Logging:
Log output configuration:
 #0: stdout all=warning uptime,level,tags
 #1: stderr all=off uptime,level,tags

Environment Variables:
JAVA_HOME=/home/trymad/.sdkman/candidates/java/current
PATH=/home/trymad/.vscode-server/bin/e170252f762678dec6ca2cc69aba1570769a5d39/bin/remote-cli:/home/trymad/.sdkman/candidates/java/current/bin:/usr/local/sbin:/usr/local/bin:/usr/sbin:/usr/bin:/sbin:/bin:/usr/games:/usr/local/games:/usr/lib/wsl/lib:/mnt/d/embarcadero/bin:/mnt/c/Users/Public/Documents/Embarcadero/Studio/23.0/Bpl:/mnt/d/embarcadero/bin64:/mnt/c/Users/Public/Documents/Embarcadero/Studio/23.0/Bpl/Win64:/mnt/d/Program Files (x86)/CollabNet:/mnt/d/Embarcadero/Studio/15.0/bin:/mnt/c/Users/User/Documents/Embarcadero/Studio/15.0/Bpl:/mnt/d/Embarcadero/Studio/15.0/bin64:/mnt/c/Users/User/Documents/Embarcadero/Studio/15.0/Bpl/Win64:/mnt/c/ProgramData/Oracle/Java/javapath:/mnt/c/Program Files/Common Files/Oracle/Java/javapath:/mnt/c/Python311/Scripts/:/mnt/c/Program Files/Java/jdk-17:/mnt/c/Program Files/Java/jdk-17/bin:/mnt/c/Python311/:/mnt/d/SQL/OracleDatabase/dbhomeXE/bin:/mnt/c/Windows/system32:/mnt/c/Windows:/mnt/c/Windows/System32/Wbem:/mnt/c/Windows/System32/WindowsPowerShell/v1.0/:/mnt/c/Windows/System32/OpenSSH/:/mnt/c/Program Files/NVIDIA Corporation/NVIDIA NvDLISR:/mnt/c/Program Files (x86)/NVIDIA Corporation/PhysX/Common:/mnt/c/Program Files/Apache SoftWare Foundation/apache-maven-3.9.1/bin:/mnt/c/Program Files/dotnet/:/mnt/d/Git/cmd:/mnt/c/ProgramData/chocolatey/bin:/mnt/d/Docker/resources/bin:/mnt/c/Program Files/PuTTY/:/mnt/c/Program Files/nodejs/:/mnt/c/Program Files (x86)/Windows Kits/10/Windows Performance Toolkit/:/mnt/c/Users/Public/Documents/Embarcadero/Studio/15.0/Bpl:/mnt/c/Program Files/Common Files/Oracle/Java/javapath:/mnt/c/Program Files/Java/jdk-17/bin:/mnt/c/Users/User/.local/bin:/mnt/c/Users//AppData/Local/Programs/Python/Python39/Scripts/:/mnt/c/Users//AppData/Local/Programs/Python/Python39/:/mnt/c/Users/User/AppData/Local/Microsoft/WindowsApps:/mnt/c/Microsoft VS Code Insiders/bin:/mnt/c/Coding/Microsoft VS Code/bin:/mnt/c/Program Files/Apache SoftWare Foundation/apache-maven-3.9.1/bin:/mnt/c/Users/User/AppDa
SHELL=/bin/bash
DISPLAY=:0
HOSTTYPE=x86_64
LANG=C.UTF-8

Signal Handlers:
   SIGSEGV: crash_handler in libjvm.so, mask=11100100010111111101111111111110, flags=SA_RESTART|SA_SIGINFO
    SIGBUS: crash_handler in libjvm.so, mask=11100100010111111101111111111110, flags=SA_RESTART|SA_SIGINFO
    SIGFPE: crash_handler in libjvm.so, mask=11100100010111111101111111111110, flags=SA_RESTART|SA_SIGINFO
   SIGPIPE: javaSignalHandler in libjvm.so, mask=11100100010111111101111111111110, flags=SA_RESTART|SA_SIGINFO
   SIGXFSZ: javaSignalHandler in libjvm.so, mask=11100100010111111101111111111110, flags=SA_RESTART|SA_SIGINFO
    SIGILL: crash_handler in libjvm.so, mask=11100100010111111101111111111110, flags=SA_RESTART|SA_SIGINFO
   SIGUSR2: SR_handler in libjvm.so, mask=00000000000000000000000000000000, flags=SA_RESTART|SA_SIGINFO
    SIGHUP: UserHandler in libjvm.so, mask=11100100010111111101111111111110, flags=SA_RESTART|SA_SIGINFO
    SIGINT: UserHandler in libjvm.so, mask=11100100010111111101111111111110, flags=SA_RESTART|SA_SIGINFO
   SIGTERM: UserHandler in libjvm.so, mask=11100100010111111101111111111110, flags=SA_RESTART|SA_SIGINFO
   SIGQUIT: UserHandler in libjvm.so, mask=11100100010111111101111111111110, flags=SA_RESTART|SA_SIGINFO
   SIGTRAP: crash_handler in libjvm.so, mask=11100100010111111101111111111110, flags=SA_RESTART|SA_SIGINFO


---------------  S Y S T E M  ---------------

OS:
DISTRIB_ID=Ubuntu
DISTRIB_RELEASE=22.04
DISTRIB_CODENAME=jammy
DISTRIB_DESCRIPTION="Ubuntu 22.04.4 LTS"
uname: Linux 5.15.167.4-microsoft-standard-WSL2 #1 SMP Tue Nov 5 00:21:55 UTC 2024 x86_64
OS uptime: 0 days 7:29 hours
libc: glibc 2.35 NPTL 2.35 
rlimit (soft/hard): STACK 8192k/infinity , CORE 0k/infinity , NPROC 31760/31760 , NOFILE 1048576/1048576 , AS infinity/infinity , CPU infinity/infinity , DATA infinity/infinity , FSIZE infinity/infinity , MEMLOCK 65536k/65536k
load average: 0.99 0.85 0.85

/proc/meminfo:
MemTotal:        8137592 kB
MemFree:          615836 kB
MemAvailable:    2634056 kB
Buffers:          155792 kB
Cached:          2061704 kB
SwapCached:           88 kB
Active:           881544 kB
Inactive:        6080256 kB
Active(anon):      28380 kB
Inactive(anon):  4749248 kB
Active(file):     853164 kB
Inactive(file):  1331008 kB
Unevictable:           0 kB
Mlocked:               0 kB
SwapTotal:       2097152 kB
SwapFree:        2094824 kB
Dirty:                16 kB
Writeback:             0 kB
AnonPages:       4639704 kB
Mapped:           788020 kB
Shmem:             33276 kB
KReclaimable:     100400 kB
Slab:             169460 kB
SReclaimable:     100400 kB
SUnreclaim:        69060 kB
KernelStack:       16512 kB
PageTables:        54352 kB
NFS_Unstable:          0 kB
Bounce:                0 kB
WritebackTmp:          0 kB
CommitLimit:     6165948 kB
Committed_AS:    7167800 kB
VmallocTotal:   34359738367 kB
VmallocUsed:       38852 kB
VmallocChunk:          0 kB
Percpu:             2640 kB
AnonHugePages:   3033088 kB
ShmemHugePages:        0 kB
ShmemPmdMapped:        0 kB
FileHugePages:         0 kB
FilePmdMapped:         0 kB
HugePages_Total:       0
HugePages_Free:        0
HugePages_Rsvd:        0
HugePages_Surp:        0
Hugepagesize:       2048 kB
Hugetlb:               0 kB
DirectMap4k:      195584 kB
DirectMap2M:     8192000 kB
DirectMap1G:     9437184 kB

/sys/kernel/mm/transparent_hugepage/enabled: [always] madvise never
/sys/kernel/mm/transparent_hugepage/defrag (defrag/compaction efforts parameter): always defer defer+madvise [madvise] never

Process Memory:
Virtual Size: 3570648K (peak: 3570668K)
Resident Set Size: 158292K (peak: 158292K) (anon: 136932K, file: 21360K, shmem: 0K)
Swapped out: 0K
C-Heap outstanding allocations: 19330K, retained: 35661K

/proc/sys/kernel/threads-max (system-wide limit on the number of threads): 63521
/proc/sys/vm/max_map_count (maximum number of memory map areas a process may have): 262144
/proc/sys/kernel/pid_max (system-wide limit on number of process identifiers): 99999

container (cgroup) information:
container_type: cgroupv1
cpu_cpuset_cpus: 0-3
cpu_memory_nodes: 0
active_processor_count: 4
cpu_quota: no quota
cpu_period: 100000
cpu_shares: no shares
memory_limit_in_bytes: unlimited
memory_and_swap_limit_in_bytes: unlimited
memory_soft_limit_in_bytes: unlimited
memory_usage_in_bytes: 6857252 k
memory_max_usage_in_bytes: 1834508 k
kernel_memory_usage_in_bytes: 71888 k
kernel_memory_max_usage_in_bytes: unlimited
kernel_memory_limit_in_bytes: 79624 k
maximum number of tasks: not supported
current number of tasks: not supported

Hyper-V virtualization detected
Steal ticks since vm start: 0
Steal ticks percentage since vm start:  0.000

CPU: total 4 (initial active 4) (2 cores per cpu, 2 threads per core) family 6 model 158 stepping 10 microcode 0xffffffff, cx8, cmov, fxsr, ht, mmx, 3dnowpref, sse, sse2, sse3, ssse3, sse4.1, sse4.2, popcnt, lzcnt, tsc, avx, avx2, aes, erms, clmul, bmi1, bmi2, adx, fma, vzeroupper, clflush, clflushopt, hv
CPU Model and flags from /proc/cpuinfo:
model name	: Intel(R) Core(TM) i5-9300H CPU @ 2.40GHz
flags		: fpu vme de pse tsc msr pae mce cx8 apic sep mtrr pge mca cmov pat pse36 clflush mmx fxsr sse sse2 ss ht syscall nx pdpe1gb rdtscp lm constant_tsc arch_perfmon rep_good nopl xtopology cpuid pni pclmulqdq ssse3 fma cx16 pdcm pcid sse4_1 sse4_2 movbe popcnt aes xsave avx f16c rdrand hypervisor lahf_lm abm 3dnowprefetch invpcid_single pti ssbd ibrs ibpb stibp fsgsbase bmi1 avx2 smep bmi2 erms invpcid rdseed adx smap clflushopt xsaveopt xsavec xgetbv1 xsaves md_clear flush_l1d arch_capabilities

Online cpus: 0-3
Offline cpus: 
BIOS frequency limitation: <Not Available>
Frequency switch latency (ns): <Not Available>
Available cpu frequencies: <Not Available>
Current governor: <Not Available>
Core performance/turbo boost: <Not Available>

Memory: 4k page, physical 8137592k(615836k free), swap 2097152k(2094824k free)
Page Sizes: 4k

vm_info: Java HotSpot(TM) 64-Bit Server VM (17.0.11+7-LTS-207) for linux-amd64 JRE (17.0.11+7-LTS-207), built on Mar 11 2024 17:52:54 by "mach5one" with gcc 11.2.0

END.
